{"/home/juan/Projects/pokemon-felix/src/components/SearchBar.jsx": {"path":"/home/juan/Projects/pokemon-felix/src/components/SearchBar.jsx","statementMap":{"0":{"start":{"line":5,"column":24},"end":{"line":5,"column":null}},"1":{"start":{"line":6,"column":36},"end":{"line":6,"column":null}},"2":{"start":{"line":7,"column":26},"end":{"line":7,"column":null}},"3":{"start":{"line":8,"column":36},"end":{"line":8,"column":null}},"4":{"start":{"line":9,"column":8},"end":{"line":9,"column":null}},"5":{"start":{"line":11,"column":2},"end":{"line":22,"column":null}},"6":{"start":{"line":13,"column":6},"end":{"line":16,"column":null}},"7":{"start":{"line":14,"column":8},"end":{"line":14,"column":null}},"8":{"start":{"line":15,"column":8},"end":{"line":15,"column":null}},"9":{"start":{"line":18,"column":4},"end":{"line":18,"column":null}},"10":{"start":{"line":19,"column":4},"end":{"line":21,"column":null}},"11":{"start":{"line":20,"column":6},"end":{"line":20,"column":null}},"12":{"start":{"line":24,"column":28},"end":{"line":39,"column":null}},"13":{"start":{"line":25,"column":18},"end":{"line":25,"column":null}},"14":{"start":{"line":26,"column":4},"end":{"line":26,"column":null}},"15":{"start":{"line":27,"column":4},"end":{"line":27,"column":null}},"16":{"start":{"line":29,"column":4},"end":{"line":38,"column":null}},"17":{"start":{"line":30,"column":23},"end":{"line":32,"column":null}},"18":{"start":{"line":31,"column":24},"end":{"line":31,"column":72}},"19":{"start":{"line":33,"column":6},"end":{"line":33,"column":null}},"20":{"start":{"line":34,"column":6},"end":{"line":34,"column":null}},"21":{"start":{"line":36,"column":6},"end":{"line":36,"column":null}},"22":{"start":{"line":37,"column":6},"end":{"line":37,"column":null}},"23":{"start":{"line":41,"column":23},"end":{"line":46,"column":null}},"24":{"start":{"line":42,"column":4},"end":{"line":42,"column":null}},"25":{"start":{"line":43,"column":4},"end":{"line":43,"column":null}},"26":{"start":{"line":44,"column":4},"end":{"line":44,"column":null}},"27":{"start":{"line":45,"column":4},"end":{"line":45,"column":null}},"28":{"start":{"line":48,"column":23},"end":{"line":58,"column":null}},"29":{"start":{"line":49,"column":4},"end":{"line":49,"column":null}},"30":{"start":{"line":51,"column":4},"end":{"line":57,"column":null}},"31":{"start":{"line":52,"column":6},"end":{"line":52,"column":null}},"32":{"start":{"line":53,"column":4},"end":{"line":57,"column":null}},"33":{"start":{"line":54,"column":6},"end":{"line":54,"column":null}},"34":{"start":{"line":55,"column":6},"end":{"line":55,"column":null}},"35":{"start":{"line":56,"column":6},"end":{"line":56,"column":null}},"36":{"start":{"line":60,"column":24},"end":{"line":73,"column":null}},"37":{"start":{"line":61,"column":4},"end":{"line":61,"column":null}},"38":{"start":{"line":61,"column":45},"end":{"line":61,"column":null}},"39":{"start":{"line":63,"column":4},"end":{"line":72,"column":null}},"40":{"start":{"line":64,"column":6},"end":{"line":64,"column":null}},"41":{"start":{"line":65,"column":6},"end":{"line":65,"column":null}},"42":{"start":{"line":65,"column":21},"end":{"line":65,"column":60}},"43":{"start":{"line":66,"column":4},"end":{"line":72,"column":null}},"44":{"start":{"line":67,"column":6},"end":{"line":67,"column":null}},"45":{"start":{"line":68,"column":6},"end":{"line":68,"column":null}},"46":{"start":{"line":68,"column":30},"end":{"line":68,"column":76}},"47":{"start":{"line":69,"column":4},"end":{"line":72,"column":null}},"48":{"start":{"line":70,"column":6},"end":{"line":70,"column":null}},"49":{"start":{"line":71,"column":6},"end":{"line":71,"column":null}},"50":{"start":{"line":75,"column":2},"end":{"line":113,"column":null}},"51":{"start":{"line":84,"column":25},"end":{"line":84,"column":null}},"52":{"start":{"line":100,"column":12},"end":{"line":109,"column":null}},"53":{"start":{"line":103,"column":29},"end":{"line":103,"column":null}}},"fnMap":{"0":{"name":"SearchBar","decl":{"start":{"line":4,"column":16},"end":{"line":4,"column":26}},"loc":{"start":{"line":4,"column":52},"end":{"line":115,"column":null}},"line":4},"1":{"name":"(anonymous_1)","decl":{"start":{"line":11,"column":12},"end":{"line":11,"column":18}},"loc":{"start":{"line":11,"column":18},"end":{"line":22,"column":5}},"line":11},"2":{"name":"handleClickOutside","decl":{"start":{"line":12,"column":13},"end":{"line":12,"column":32}},"loc":{"start":{"line":12,"column":39},"end":{"line":17,"column":null}},"line":12},"3":{"name":"(anonymous_3)","decl":{"start":{"line":19,"column":11},"end":{"line":19,"column":17}},"loc":{"start":{"line":19,"column":17},"end":{"line":21,"column":null}},"line":19},"4":{"name":"(anonymous_4)","decl":{"start":{"line":24,"column":28},"end":{"line":24,"column":33}},"loc":{"start":{"line":24,"column":33},"end":{"line":39,"column":null}},"line":24},"5":{"name":"(anonymous_5)","decl":{"start":{"line":31,"column":16},"end":{"line":31,"column":24}},"loc":{"start":{"line":31,"column":24},"end":{"line":31,"column":72}},"line":31},"6":{"name":"(anonymous_6)","decl":{"start":{"line":41,"column":23},"end":{"line":41,"column":31}},"loc":{"start":{"line":41,"column":31},"end":{"line":46,"column":null}},"line":41},"7":{"name":"(anonymous_7)","decl":{"start":{"line":48,"column":23},"end":{"line":48,"column":28}},"loc":{"start":{"line":48,"column":28},"end":{"line":58,"column":null}},"line":48},"8":{"name":"(anonymous_8)","decl":{"start":{"line":60,"column":24},"end":{"line":60,"column":29}},"loc":{"start":{"line":60,"column":29},"end":{"line":73,"column":null}},"line":60},"9":{"name":"(anonymous_9)","decl":{"start":{"line":65,"column":21},"end":{"line":65,"column":30}},"loc":{"start":{"line":65,"column":21},"end":{"line":65,"column":60}},"line":65},"10":{"name":"(anonymous_10)","decl":{"start":{"line":68,"column":21},"end":{"line":68,"column":30}},"loc":{"start":{"line":68,"column":30},"end":{"line":68,"column":76}},"line":68},"11":{"name":"(anonymous_11)","decl":{"start":{"line":84,"column":19},"end":{"line":84,"column":25}},"loc":{"start":{"line":84,"column":25},"end":{"line":84,"column":null}},"line":84},"12":{"name":"(anonymous_12)","decl":{"start":{"line":99,"column":27},"end":{"line":99,"column":28}},"loc":{"start":{"line":100,"column":12},"end":{"line":109,"column":null}},"line":100},"13":{"name":"(anonymous_13)","decl":{"start":{"line":103,"column":23},"end":{"line":103,"column":29}},"loc":{"start":{"line":103,"column":29},"end":{"line":103,"column":null}},"line":103}},"branchMap":{"0":{"loc":{"start":{"line":13,"column":6},"end":{"line":16,"column":null}},"type":"if","locations":[{"start":{"line":13,"column":6},"end":{"line":16,"column":null}},{"start":{},"end":{}}],"line":13},"1":{"loc":{"start":{"line":13,"column":10},"end":{"line":13,"column":76}},"type":"binary-expr","locations":[{"start":{"line":13,"column":10},"end":{"line":13,"column":32}},{"start":{"line":13,"column":32},"end":{"line":13,"column":76}}],"line":13},"2":{"loc":{"start":{"line":29,"column":4},"end":{"line":38,"column":null}},"type":"if","locations":[{"start":{"line":29,"column":4},"end":{"line":38,"column":null}},{"start":{"line":35,"column":11},"end":{"line":38,"column":null}}],"line":29},"3":{"loc":{"start":{"line":51,"column":4},"end":{"line":57,"column":null}},"type":"if","locations":[{"start":{"line":51,"column":4},"end":{"line":57,"column":null}},{"start":{"line":53,"column":4},"end":{"line":57,"column":null}}],"line":51},"4":{"loc":{"start":{"line":51,"column":8},"end":{"line":51,"column":54}},"type":"binary-expr","locations":[{"start":{"line":51,"column":8},"end":{"line":51,"column":28}},{"start":{"line":51,"column":28},"end":{"line":51,"column":54}}],"line":51},"5":{"loc":{"start":{"line":53,"column":4},"end":{"line":57,"column":null}},"type":"if","locations":[{"start":{"line":53,"column":4},"end":{"line":57,"column":null}},{"start":{},"end":{}}],"line":53},"6":{"loc":{"start":{"line":61,"column":4},"end":{"line":61,"column":null}},"type":"if","locations":[{"start":{"line":61,"column":4},"end":{"line":61,"column":null}},{"start":{},"end":{}}],"line":61},"7":{"loc":{"start":{"line":61,"column":8},"end":{"line":61,"column":45}},"type":"binary-expr","locations":[{"start":{"line":61,"column":8},"end":{"line":61,"column":19}},{"start":{"line":61,"column":19},"end":{"line":61,"column":45}}],"line":61},"8":{"loc":{"start":{"line":63,"column":4},"end":{"line":72,"column":null}},"type":"if","locations":[{"start":{"line":63,"column":4},"end":{"line":72,"column":null}},{"start":{"line":66,"column":4},"end":{"line":72,"column":null}}],"line":63},"9":{"loc":{"start":{"line":66,"column":4},"end":{"line":72,"column":null}},"type":"if","locations":[{"start":{"line":66,"column":4},"end":{"line":72,"column":null}},{"start":{"line":69,"column":4},"end":{"line":72,"column":null}}],"line":66},"10":{"loc":{"start":{"line":68,"column":30},"end":{"line":68,"column":76}},"type":"cond-expr","locations":[{"start":{"line":68,"column":42},"end":{"line":68,"column":67}},{"start":{"line":68,"column":67},"end":{"line":68,"column":76}}],"line":68},"11":{"loc":{"start":{"line":69,"column":4},"end":{"line":72,"column":null}},"type":"if","locations":[{"start":{"line":69,"column":4},"end":{"line":72,"column":null}},{"start":{},"end":{}}],"line":69},"12":{"loc":{"start":{"line":84,"column":25},"end":{"line":84,"column":null}},"type":"binary-expr","locations":[{"start":{"line":84,"column":25},"end":{"line":84,"column":45}},{"start":{"line":84,"column":45},"end":{"line":84,"column":null}}],"line":84},"13":{"loc":{"start":{"line":90,"column":33},"end":{"line":90,"column":null}},"type":"cond-expr","locations":[{"start":{"line":90,"column":52},"end":{"line":90,"column":82}},{"start":{"line":90,"column":82},"end":{"line":90,"column":null}}],"line":90},"14":{"loc":{"start":{"line":97,"column":7},"end":{"line":111,"column":null}},"type":"binary-expr","locations":[{"start":{"line":97,"column":7},"end":{"line":97,"column":17}},{"start":{"line":97,"column":17},"end":{"line":97,"column":null}},{"start":{"line":98,"column":8},"end":{"line":111,"column":null}}],"line":97},"15":{"loc":{"start":{"line":104,"column":25},"end":{"line":104,"column":null}},"type":"cond-expr","locations":[{"start":{"line":104,"column":49},"end":{"line":104,"column":62}},{"start":{"line":104,"column":62},"end":{"line":104,"column":null}}],"line":104}},"s":{"0":18,"1":18,"2":18,"3":18,"4":18,"5":18,"6":0,"7":0,"8":0,"9":6,"10":6,"11":5,"12":18,"13":5,"14":5,"15":5,"16":5,"17":5,"18":25,"19":5,"20":5,"21":0,"22":0,"23":18,"24":1,"25":1,"26":1,"27":1,"28":18,"29":1,"30":1,"31":1,"32":0,"33":0,"34":0,"35":0,"36":18,"37":6,"38":0,"39":6,"40":4,"41":4,"42":4,"43":2,"44":1,"45":1,"46":1,"47":1,"48":1,"49":1,"50":18,"51":0,"52":14,"53":0},"f":{"0":18,"1":6,"2":0,"3":5,"4":5,"5":25,"6":1,"7":1,"8":6,"9":4,"10":1,"11":0,"12":14,"13":0},"b":{"0":[0,0],"1":[0,0],"2":[5,0],"3":[1,0],"4":[1,1],"5":[0,0],"6":[0,6],"7":[6,6],"8":[4,2],"9":[1,1],"10":[0,1],"11":[1,0],"12":[0,0],"13":[5,13],"14":[18,10,10],"15":[5,9]},"meta":{"lastBranch":16,"lastFunction":14,"lastStatement":54,"seen":{"f:4:16:4:26":0,"s:5:24:5:Infinity":0,"s:6:36:6:Infinity":1,"s:7:26:7:Infinity":2,"s:8:36:8:Infinity":3,"s:9:8:9:Infinity":4,"s:11:2:22:Infinity":5,"f:11:12:11:18":1,"f:12:13:12:32":2,"b:13:6:16:Infinity:undefined:undefined:undefined:undefined":0,"s:13:6:16:Infinity":6,"b:13:10:13:32:13:32:13:76":1,"s:14:8:14:Infinity":7,"s:15:8:15:Infinity":8,"s:18:4:18:Infinity":9,"s:19:4:21:Infinity":10,"f:19:11:19:17":3,"s:20:6:20:Infinity":11,"s:24:28:39:Infinity":12,"f:24:28:24:33":4,"s:25:18:25:Infinity":13,"s:26:4:26:Infinity":14,"s:27:4:27:Infinity":15,"b:29:4:38:Infinity:35:11:38:Infinity":2,"s:29:4:38:Infinity":16,"s:30:23:32:Infinity":17,"f:31:16:31:24":5,"s:31:24:31:72":18,"s:33:6:33:Infinity":19,"s:34:6:34:Infinity":20,"s:36:6:36:Infinity":21,"s:37:6:37:Infinity":22,"s:41:23:46:Infinity":23,"f:41:23:41:31":6,"s:42:4:42:Infinity":24,"s:43:4:43:Infinity":25,"s:44:4:44:Infinity":26,"s:45:4:45:Infinity":27,"s:48:23:58:Infinity":28,"f:48:23:48:28":7,"s:49:4:49:Infinity":29,"b:51:4:57:Infinity:53:4:57:Infinity":3,"s:51:4:57:Infinity":30,"b:51:8:51:28:51:28:51:54":4,"s:52:6:52:Infinity":31,"b:53:4:57:Infinity:undefined:undefined:undefined:undefined":5,"s:53:4:57:Infinity":32,"s:54:6:54:Infinity":33,"s:55:6:55:Infinity":34,"s:56:6:56:Infinity":35,"s:60:24:73:Infinity":36,"f:60:24:60:29":8,"b:61:4:61:Infinity:undefined:undefined:undefined:undefined":6,"s:61:4:61:Infinity":37,"b:61:8:61:19:61:19:61:45":7,"s:61:45:61:Infinity":38,"b:63:4:72:Infinity:66:4:72:Infinity":8,"s:63:4:72:Infinity":39,"s:64:6:64:Infinity":40,"s:65:6:65:Infinity":41,"f:65:21:65:30":9,"s:65:21:65:60":42,"b:66:4:72:Infinity:69:4:72:Infinity":9,"s:66:4:72:Infinity":43,"s:67:6:67:Infinity":44,"s:68:6:68:Infinity":45,"f:68:21:68:30":10,"s:68:30:68:76":46,"b:68:42:68:67:68:67:68:76":10,"b:69:4:72:Infinity:undefined:undefined:undefined:undefined":11,"s:69:4:72:Infinity":47,"s:70:6:70:Infinity":48,"s:71:6:71:Infinity":49,"s:75:2:113:Infinity":50,"f:84:19:84:25":11,"s:84:25:84:Infinity":51,"b:84:25:84:45:84:45:84:Infinity":12,"b:90:52:90:82:90:82:90:Infinity":13,"b:97:7:97:17:97:17:97:Infinity:98:8:111:Infinity":14,"f:99:27:99:28":12,"s:100:12:109:Infinity":52,"f:103:23:103:29":13,"s:103:29:103:Infinity":53,"b:104:49:104:62:104:62:104:Infinity":15}}}
,"/home/juan/Projects/pokemon-felix/src/contexts/DomainContexts.js": {"path":"/home/juan/Projects/pokemon-felix/src/contexts/DomainContexts.js","statementMap":{"0":{"start":{"line":4,"column":26},"end":{"line":4,"column":46}},"1":{"start":{"line":5,"column":29},"end":{"line":5,"column":49}},"2":{"start":{"line":6,"column":30},"end":{"line":6,"column":50}},"3":{"start":{"line":7,"column":32},"end":{"line":7,"column":52}},"4":{"start":{"line":8,"column":26},"end":{"line":8,"column":46}},"5":{"start":{"line":9,"column":32},"end":{"line":9,"column":52}},"6":{"start":{"line":10,"column":26},"end":{"line":10,"column":46}},"7":{"start":{"line":11,"column":24},"end":{"line":11,"column":44}},"8":{"start":{"line":13,"column":22},"end":{"line":13,"column":64}},"9":{"start":{"line":14,"column":25},"end":{"line":14,"column":73}},"10":{"start":{"line":15,"column":26},"end":{"line":15,"column":76}},"11":{"start":{"line":16,"column":34},"end":{"line":16,"column":94}},"12":{"start":{"line":17,"column":22},"end":{"line":17,"column":64}},"13":{"start":{"line":18,"column":28},"end":{"line":18,"column":82}},"14":{"start":{"line":19,"column":20},"end":{"line":19,"column":58}}},"fnMap":{},"branchMap":{},"s":{"0":2,"1":2,"2":2,"3":2,"4":2,"5":2,"6":2,"7":2,"8":2,"9":2,"10":2,"11":2,"12":2,"13":2,"14":2},"f":{},"b":{},"meta":{"lastBranch":0,"lastFunction":0,"lastStatement":15,"seen":{"s:4:26:4:46":0,"s:5:29:5:49":1,"s:6:30:6:50":2,"s:7:32:7:52":3,"s:8:26:8:46":4,"s:9:32:9:52":5,"s:10:26:10:46":6,"s:11:24:11:44":7,"s:13:22:13:64":8,"s:14:25:14:73":9,"s:15:26:15:76":10,"s:16:34:16:94":11,"s:17:22:17:64":12,"s:18:28:18:82":13,"s:19:20:19:58":14}}}
,"/home/juan/Projects/pokemon-felix/src/contexts/DomainProviders.jsx": {"path":"/home/juan/Projects/pokemon-felix/src/contexts/DomainProviders.jsx","statementMap":{"0":{"start":{"line":43,"column":2},"end":{"line":43,"column":null}},"1":{"start":{"line":45,"column":52},"end":{"line":45,"column":null}},"2":{"start":{"line":48,"column":8},"end":{"line":50,"column":null}},"3":{"start":{"line":49,"column":4},"end":{"line":49,"column":null}},"4":{"start":{"line":54,"column":8},"end":{"line":54,"column":null}},"5":{"start":{"line":56,"column":8},"end":{"line":60,"column":null}},"6":{"start":{"line":57,"column":4},"end":{"line":59,"column":null}},"7":{"start":{"line":58,"column":6},"end":{"line":58,"column":null}},"8":{"start":{"line":62,"column":8},"end":{"line":74,"column":null}},"9":{"start":{"line":63,"column":11},"end":{"line":72,"column":null}},"10":{"start":{"line":76,"column":2},"end":{"line":76,"column":null}},"11":{"start":{"line":93,"column":2},"end":{"line":93,"column":null}},"12":{"start":{"line":94,"column":41},"end":{"line":94,"column":null}},"13":{"start":{"line":96,"column":8},"end":{"line":126,"column":null}},"14":{"start":{"line":97,"column":11},"end":{"line":111,"column":null}},"15":{"start":{"line":128,"column":2},"end":{"line":128,"column":null}},"16":{"start":{"line":135,"column":8},"end":{"line":135,"column":null}},"17":{"start":{"line":136,"column":8},"end":{"line":136,"column":null}},"18":{"start":{"line":138,"column":8},"end":{"line":147,"column":null}},"19":{"start":{"line":140,"column":23},"end":{"line":140,"column":null}},"20":{"start":{"line":141,"column":6},"end":{"line":141,"column":null}},"21":{"start":{"line":142,"column":6},"end":{"line":144,"column":null}},"22":{"start":{"line":143,"column":8},"end":{"line":143,"column":null}},"23":{"start":{"line":149,"column":8},"end":{"line":157,"column":null}},"24":{"start":{"line":150,"column":11},"end":{"line":155,"column":null}},"25":{"start":{"line":159,"column":2},"end":{"line":159,"column":null}},"26":{"start":{"line":166,"column":8},"end":{"line":166,"column":null}},"27":{"start":{"line":168,"column":8},"end":{"line":173,"column":null}},"28":{"start":{"line":169,"column":11},"end":{"line":171,"column":null}},"29":{"start":{"line":175,"column":2},"end":{"line":175,"column":null}},"30":{"start":{"line":182,"column":8},"end":{"line":182,"column":null}},"31":{"start":{"line":184,"column":8},"end":{"line":189,"column":null}},"32":{"start":{"line":185,"column":11},"end":{"line":187,"column":null}},"33":{"start":{"line":191,"column":2},"end":{"line":191,"column":null}},"34":{"start":{"line":198,"column":8},"end":{"line":198,"column":null}},"35":{"start":{"line":200,"column":8},"end":{"line":205,"column":null}},"36":{"start":{"line":201,"column":11},"end":{"line":203,"column":null}},"37":{"start":{"line":207,"column":2},"end":{"line":207,"column":null}},"38":{"start":{"line":214,"column":40},"end":{"line":214,"column":null}},"39":{"start":{"line":224,"column":2},"end":{"line":224,"column":null}},"40":{"start":{"line":226,"column":8},"end":{"line":228,"column":null}},"41":{"start":{"line":227,"column":4},"end":{"line":227,"column":null}},"42":{"start":{"line":227,"column":29},"end":{"line":227,"column":44}},"43":{"start":{"line":230,"column":8},"end":{"line":256,"column":null}},"44":{"start":{"line":231,"column":11},"end":{"line":243,"column":null}},"45":{"start":{"line":258,"column":2},"end":{"line":258,"column":null}},"46":{"start":{"line":265,"column":53},"end":{"line":265,"column":null}},"47":{"start":{"line":266,"column":32},"end":{"line":266,"column":null}},"48":{"start":{"line":268,"column":8},"end":{"line":278,"column":null}},"49":{"start":{"line":270,"column":21},"end":{"line":270,"column":null}},"50":{"start":{"line":271,"column":6},"end":{"line":274,"column":null}},"51":{"start":{"line":272,"column":8},"end":{"line":272,"column":null}},"52":{"start":{"line":273,"column":8},"end":{"line":273,"column":null}},"53":{"start":{"line":275,"column":6},"end":{"line":275,"column":null}},"54":{"start":{"line":280,"column":8},"end":{"line":289,"column":null}},"55":{"start":{"line":281,"column":4},"end":{"line":287,"column":null}},"56":{"start":{"line":282,"column":6},"end":{"line":282,"column":null}},"57":{"start":{"line":283,"column":6},"end":{"line":285,"column":null}},"58":{"start":{"line":284,"column":8},"end":{"line":284,"column":null}},"59":{"start":{"line":286,"column":6},"end":{"line":286,"column":null}},"60":{"start":{"line":288,"column":4},"end":{"line":288,"column":null}},"61":{"start":{"line":291,"column":8},"end":{"line":303,"column":null}},"62":{"start":{"line":292,"column":11},"end":{"line":301,"column":null}},"63":{"start":{"line":305,"column":2},"end":{"line":305,"column":null}}},"fnMap":{"0":{"name":"DataProvider","decl":{"start":{"line":35,"column":16},"end":{"line":35,"column":29}},"loc":{"start":{"line":35,"column":43},"end":{"line":77,"column":null}},"line":35},"1":{"name":"(anonymous_1)","decl":{"start":{"line":48,"column":30},"end":{"line":48,"column":36}},"loc":{"start":{"line":48,"column":36},"end":{"line":50,"column":5}},"line":48},"2":{"name":"(anonymous_2)","decl":{"start":{"line":56,"column":34},"end":{"line":56,"column":40}},"loc":{"start":{"line":56,"column":40},"end":{"line":60,"column":5}},"line":56},"3":{"name":"(anonymous_3)","decl":{"start":{"line":63,"column":4},"end":{"line":63,"column":11}},"loc":{"start":{"line":63,"column":11},"end":{"line":72,"column":null}},"line":63},"4":{"name":"EconomyProvider","decl":{"start":{"line":82,"column":16},"end":{"line":82,"column":32}},"loc":{"start":{"line":82,"column":46},"end":{"line":129,"column":null}},"line":82},"5":{"name":"(anonymous_5)","decl":{"start":{"line":97,"column":4},"end":{"line":97,"column":11}},"loc":{"start":{"line":97,"column":11},"end":{"line":111,"column":null}},"line":97},"6":{"name":"CollectionProvider","decl":{"start":{"line":134,"column":16},"end":{"line":134,"column":35}},"loc":{"start":{"line":134,"column":58},"end":{"line":160,"column":null}},"line":134},"7":{"name":"(anonymous_7)","decl":{"start":{"line":139,"column":4},"end":{"line":139,"column":10}},"loc":{"start":{"line":139,"column":10},"end":{"line":145,"column":null}},"line":139},"8":{"name":"(anonymous_8)","decl":{"start":{"line":150,"column":4},"end":{"line":150,"column":11}},"loc":{"start":{"line":150,"column":11},"end":{"line":155,"column":null}},"line":150},"9":{"name":"CareProvider","decl":{"start":{"line":165,"column":16},"end":{"line":165,"column":29}},"loc":{"start":{"line":165,"column":53},"end":{"line":176,"column":null}},"line":165},"10":{"name":"(anonymous_10)","decl":{"start":{"line":169,"column":4},"end":{"line":169,"column":11}},"loc":{"start":{"line":169,"column":11},"end":{"line":171,"column":null}},"line":169},"11":{"name":"ExperienceProvider","decl":{"start":{"line":181,"column":16},"end":{"line":181,"column":35}},"loc":{"start":{"line":181,"column":59},"end":{"line":192,"column":null}},"line":181},"12":{"name":"(anonymous_12)","decl":{"start":{"line":185,"column":4},"end":{"line":185,"column":11}},"loc":{"start":{"line":185,"column":11},"end":{"line":187,"column":null}},"line":185},"13":{"name":"TownProvider","decl":{"start":{"line":197,"column":16},"end":{"line":197,"column":29}},"loc":{"start":{"line":197,"column":43},"end":{"line":208,"column":null}},"line":197},"14":{"name":"(anonymous_14)","decl":{"start":{"line":201,"column":4},"end":{"line":201,"column":11}},"loc":{"start":{"line":201,"column":11},"end":{"line":203,"column":null}},"line":201},"15":{"name":"UIProvider","decl":{"start":{"line":213,"column":16},"end":{"line":213,"column":27}},"loc":{"start":{"line":213,"column":41},"end":{"line":259,"column":null}},"line":213},"16":{"name":"(anonymous_16)","decl":{"start":{"line":226,"column":36},"end":{"line":226,"column":46}},"loc":{"start":{"line":226,"column":46},"end":{"line":228,"column":5}},"line":226},"17":{"name":"(anonymous_17)","decl":{"start":{"line":227,"column":21},"end":{"line":227,"column":29}},"loc":{"start":{"line":227,"column":29},"end":{"line":227,"column":44}},"line":227},"18":{"name":"(anonymous_18)","decl":{"start":{"line":231,"column":4},"end":{"line":231,"column":11}},"loc":{"start":{"line":231,"column":11},"end":{"line":243,"column":null}},"line":231},"19":{"name":"ProgressProvider","decl":{"start":{"line":264,"column":16},"end":{"line":264,"column":33}},"loc":{"start":{"line":264,"column":84},"end":{"line":306,"column":null}},"line":264},"20":{"name":"(anonymous_20)","decl":{"start":{"line":269,"column":4},"end":{"line":269,"column":10}},"loc":{"start":{"line":269,"column":10},"end":{"line":276,"column":null}},"line":269},"21":{"name":"(anonymous_21)","decl":{"start":{"line":280,"column":45},"end":{"line":280,"column":51}},"loc":{"start":{"line":280,"column":51},"end":{"line":289,"column":5}},"line":280},"22":{"name":"(anonymous_22)","decl":{"start":{"line":292,"column":4},"end":{"line":292,"column":11}},"loc":{"start":{"line":292,"column":11},"end":{"line":301,"column":null}},"line":292}},"branchMap":{"0":{"loc":{"start":{"line":49,"column":11},"end":{"line":49,"column":null}},"type":"binary-expr","locations":[{"start":{"line":49,"column":11},"end":{"line":49,"column":42}},{"start":{"line":49,"column":42},"end":{"line":49,"column":null}}],"line":49},"1":{"loc":{"start":{"line":57,"column":4},"end":{"line":59,"column":null}},"type":"if","locations":[{"start":{"line":57,"column":4},"end":{"line":59,"column":null}},{"start":{},"end":{}}],"line":57},"2":{"loc":{"start":{"line":57,"column":8},"end":{"line":57,"column":44}},"type":"binary-expr","locations":[{"start":{"line":57,"column":8},"end":{"line":57,"column":23}},{"start":{"line":57,"column":23},"end":{"line":57,"column":44}}],"line":57},"3":{"loc":{"start":{"line":65,"column":15},"end":{"line":65,"column":null}},"type":"binary-expr","locations":[{"start":{"line":65,"column":15},"end":{"line":65,"column":32}},{"start":{"line":65,"column":32},"end":{"line":65,"column":50}},{"start":{"line":65,"column":50},"end":{"line":65,"column":null}}],"line":65},"4":{"loc":{"start":{"line":67,"column":23},"end":{"line":67,"column":null}},"type":"binary-expr","locations":[{"start":{"line":67,"column":23},"end":{"line":67,"column":35}},{"start":{"line":67,"column":35},"end":{"line":67,"column":null}}],"line":67},"5":{"loc":{"start":{"line":142,"column":6},"end":{"line":144,"column":null}},"type":"if","locations":[{"start":{"line":142,"column":6},"end":{"line":144,"column":null}},{"start":{},"end":{}}],"line":142},"6":{"loc":{"start":{"line":142,"column":10},"end":{"line":142,"column":32}},"type":"binary-expr","locations":[{"start":{"line":142,"column":10},"end":{"line":142,"column":23}},{"start":{"line":142,"column":23},"end":{"line":142,"column":32}}],"line":142},"7":{"loc":{"start":{"line":227,"column":29},"end":{"line":227,"column":44}},"type":"binary-expr","locations":[{"start":{"line":227,"column":29},"end":{"line":227,"column":39}},{"start":{"line":227,"column":39},"end":{"line":227,"column":44}}],"line":227},"8":{"loc":{"start":{"line":271,"column":6},"end":{"line":274,"column":null}},"type":"if","locations":[{"start":{"line":271,"column":6},"end":{"line":274,"column":null}},{"start":{},"end":{}}],"line":271},"9":{"loc":{"start":{"line":271,"column":10},"end":{"line":271,"column":37}},"type":"binary-expr","locations":[{"start":{"line":271,"column":10},"end":{"line":271,"column":20}},{"start":{"line":271,"column":20},"end":{"line":271,"column":37}}],"line":271},"10":{"loc":{"start":{"line":281,"column":4},"end":{"line":287,"column":null}},"type":"if","locations":[{"start":{"line":281,"column":4},"end":{"line":287,"column":null}},{"start":{},"end":{}}],"line":281},"11":{"loc":{"start":{"line":283,"column":6},"end":{"line":285,"column":null}},"type":"if","locations":[{"start":{"line":283,"column":6},"end":{"line":285,"column":null}},{"start":{},"end":{}}],"line":283}},"s":{"0":5,"1":5,"2":5,"3":5,"4":5,"5":5,"6":2,"7":1,"8":5,"9":5,"10":5,"11":6,"12":6,"13":6,"14":6,"15":6,"16":8,"17":8,"18":8,"19":3,"20":3,"21":3,"22":2,"23":8,"24":8,"25":8,"26":8,"27":8,"28":8,"29":8,"30":8,"31":8,"32":8,"33":8,"34":3,"35":3,"36":3,"37":3,"38":6,"39":6,"40":6,"41":2,"42":2,"43":6,"44":6,"45":6,"46":8,"47":8,"48":8,"49":2,"50":2,"51":1,"52":1,"53":1,"54":8,"55":2,"56":1,"57":1,"58":1,"59":1,"60":1,"61":8,"62":8,"63":8},"f":{"0":5,"1":5,"2":2,"3":5,"4":6,"5":6,"6":8,"7":3,"8":8,"9":8,"10":8,"11":8,"12":8,"13":3,"14":3,"15":6,"16":2,"17":2,"18":6,"19":8,"20":2,"21":2,"22":8},"b":{"0":[5,0],"1":[1,1],"2":[2,2],"3":[5,5,5],"4":[5,0],"5":[2,1],"6":[3,2],"7":[2,1],"8":[1,1],"9":[2,1],"10":[1,1],"11":[1,0]},"meta":{"lastBranch":12,"lastFunction":23,"lastStatement":64,"seen":{"f:35:16:35:29":0,"s:43:2:43:Infinity":0,"s:45:52:45:Infinity":1,"s:48:8:50:Infinity":2,"f:48:30:48:36":1,"s:49:4:49:Infinity":3,"b:49:11:49:42:49:42:49:Infinity":0,"s:54:8:54:Infinity":4,"s:56:8:60:Infinity":5,"f:56:34:56:40":2,"b:57:4:59:Infinity:undefined:undefined:undefined:undefined":1,"s:57:4:59:Infinity":6,"b:57:8:57:23:57:23:57:44":2,"s:58:6:58:Infinity":7,"s:62:8:74:Infinity":8,"f:63:4:63:11":3,"s:63:11:72:Infinity":9,"b:65:15:65:32:65:32:65:50:65:50:65:Infinity":3,"b:67:23:67:35:67:35:67:Infinity":4,"s:76:2:76:Infinity":10,"f:82:16:82:32":4,"s:93:2:93:Infinity":11,"s:94:41:94:Infinity":12,"s:96:8:126:Infinity":13,"f:97:4:97:11":5,"s:97:11:111:Infinity":14,"s:128:2:128:Infinity":15,"f:134:16:134:35":6,"s:135:8:135:Infinity":16,"s:136:8:136:Infinity":17,"s:138:8:147:Infinity":18,"f:139:4:139:10":7,"s:140:23:140:Infinity":19,"s:141:6:141:Infinity":20,"b:142:6:144:Infinity:undefined:undefined:undefined:undefined":5,"s:142:6:144:Infinity":21,"b:142:10:142:23:142:23:142:32":6,"s:143:8:143:Infinity":22,"s:149:8:157:Infinity":23,"f:150:4:150:11":8,"s:150:11:155:Infinity":24,"s:159:2:159:Infinity":25,"f:165:16:165:29":9,"s:166:8:166:Infinity":26,"s:168:8:173:Infinity":27,"f:169:4:169:11":10,"s:169:11:171:Infinity":28,"s:175:2:175:Infinity":29,"f:181:16:181:35":11,"s:182:8:182:Infinity":30,"s:184:8:189:Infinity":31,"f:185:4:185:11":12,"s:185:11:187:Infinity":32,"s:191:2:191:Infinity":33,"f:197:16:197:29":13,"s:198:8:198:Infinity":34,"s:200:8:205:Infinity":35,"f:201:4:201:11":14,"s:201:11:203:Infinity":36,"s:207:2:207:Infinity":37,"f:213:16:213:27":15,"s:214:40:214:Infinity":38,"s:224:2:224:Infinity":39,"s:226:8:228:Infinity":40,"f:226:36:226:46":16,"s:227:4:227:Infinity":41,"f:227:21:227:29":17,"s:227:29:227:44":42,"b:227:29:227:39:227:39:227:44":7,"s:230:8:256:Infinity":43,"f:231:4:231:11":18,"s:231:11:243:Infinity":44,"s:258:2:258:Infinity":45,"f:264:16:264:33":19,"s:265:53:265:Infinity":46,"s:266:32:266:Infinity":47,"s:268:8:278:Infinity":48,"f:269:4:269:10":20,"s:270:21:270:Infinity":49,"b:271:6:274:Infinity:undefined:undefined:undefined:undefined":8,"s:271:6:274:Infinity":50,"b:271:10:271:20:271:20:271:37":9,"s:272:8:272:Infinity":51,"s:273:8:273:Infinity":52,"s:275:6:275:Infinity":53,"s:280:8:289:Infinity":54,"f:280:45:280:51":21,"b:281:4:287:Infinity:undefined:undefined:undefined:undefined":10,"s:281:4:287:Infinity":55,"s:282:6:282:Infinity":56,"b:283:6:285:Infinity:undefined:undefined:undefined:undefined":11,"s:283:6:285:Infinity":57,"s:284:8:284:Infinity":58,"s:286:6:286:Infinity":59,"s:288:4:288:Infinity":60,"s:291:8:303:Infinity":61,"f:292:4:292:11":22,"s:292:11:301:Infinity":62,"s:305:2:305:Infinity":63}}}
,"/home/juan/Projects/pokemon-felix/src/contexts/PokemonProvider.jsx": {"path":"/home/juan/Projects/pokemon-felix/src/contexts/PokemonProvider.jsx","statementMap":{"0":{"start":{"line":23,"column":8},"end":{"line":34,"column":null}},"1":{"start":{"line":24,"column":4},"end":{"line":32,"column":null}},"2":{"start":{"line":36,"column":2},"end":{"line":40,"column":null}},"3":{"start":{"line":50,"column":30},"end":{"line":50,"column":null}},"4":{"start":{"line":52,"column":8},"end":{"line":54,"column":null}},"5":{"start":{"line":53,"column":4},"end":{"line":53,"column":null}},"6":{"start":{"line":56,"column":8},"end":{"line":64,"column":null}},"7":{"start":{"line":57,"column":4},"end":{"line":62,"column":null}},"8":{"start":{"line":66,"column":2},"end":{"line":66,"column":null}},"9":{"start":{"line":73,"column":22},"end":{"line":73,"column":null}},"10":{"start":{"line":74,"column":28},"end":{"line":74,"column":null}},"11":{"start":{"line":76,"column":8},"end":{"line":82,"column":null}},"12":{"start":{"line":78,"column":6},"end":{"line":78,"column":null}},"13":{"start":{"line":78,"column":24},"end":{"line":78,"column":null}},"14":{"start":{"line":79,"column":6},"end":{"line":79,"column":null}},"15":{"start":{"line":79,"column":23},"end":{"line":79,"column":null}},"16":{"start":{"line":84,"column":8},"end":{"line":87,"column":null}},"17":{"start":{"line":85,"column":4},"end":{"line":85,"column":null}},"18":{"start":{"line":86,"column":4},"end":{"line":86,"column":null}},"19":{"start":{"line":89,"column":2},"end":{"line":95,"column":null}},"20":{"start":{"line":100,"column":19},"end":{"line":100,"column":null}},"21":{"start":{"line":101,"column":2},"end":{"line":101,"column":null}},"22":{"start":{"line":105,"column":19},"end":{"line":105,"column":null}},"23":{"start":{"line":106,"column":2},"end":{"line":106,"column":null}}},"fnMap":{"0":{"name":"PokemonProvider","decl":{"start":{"line":22,"column":16},"end":{"line":22,"column":32}},"loc":{"start":{"line":22,"column":46},"end":{"line":42,"column":null}},"line":22},"1":{"name":"(anonymous_1)","decl":{"start":{"line":24,"column":4},"end":{"line":24,"column":null}},"loc":{"start":{"line":24,"column":4},"end":{"line":32,"column":null}},"line":24},"2":{"name":"CollectionCareOrchestrator","decl":{"start":{"line":49,"column":9},"end":{"line":49,"column":36}},"loc":{"start":{"line":49,"column":50},"end":{"line":67,"column":null}},"line":49},"3":{"name":"(anonymous_3)","decl":{"start":{"line":52,"column":34},"end":{"line":52,"column":40}},"loc":{"start":{"line":52,"column":40},"end":{"line":54,"column":5}},"line":52},"4":{"name":"(anonymous_4)","decl":{"start":{"line":57,"column":4},"end":{"line":57,"column":null}},"loc":{"start":{"line":57,"column":4},"end":{"line":62,"column":null}},"line":57},"5":{"name":"ProgressProviderWrapper","decl":{"start":{"line":72,"column":9},"end":{"line":72,"column":33}},"loc":{"start":{"line":72,"column":47},"end":{"line":97,"column":null}},"line":72},"6":{"name":"(anonymous_6)","decl":{"start":{"line":77,"column":4},"end":{"line":77,"column":14}},"loc":{"start":{"line":77,"column":14},"end":{"line":80,"column":null}},"line":77},"7":{"name":"(anonymous_7)","decl":{"start":{"line":84,"column":45},"end":{"line":84,"column":51}},"loc":{"start":{"line":84,"column":51},"end":{"line":87,"column":5}},"line":84},"8":{"name":"CareProviderWrapper","decl":{"start":{"line":99,"column":9},"end":{"line":99,"column":29}},"loc":{"start":{"line":99,"column":43},"end":{"line":102,"column":null}},"line":99},"9":{"name":"ExperienceProviderWrapper","decl":{"start":{"line":104,"column":9},"end":{"line":104,"column":35}},"loc":{"start":{"line":104,"column":49},"end":{"line":107,"column":null}},"line":104}},"branchMap":{"0":{"loc":{"start":{"line":78,"column":6},"end":{"line":78,"column":null}},"type":"if","locations":[{"start":{"line":78,"column":6},"end":{"line":78,"column":null}},{"start":{},"end":{}}],"line":78},"1":{"loc":{"start":{"line":79,"column":6},"end":{"line":79,"column":null}},"type":"if","locations":[{"start":{"line":79,"column":6},"end":{"line":79,"column":null}},{"start":{},"end":{}}],"line":79}},"s":{"0":3,"1":3,"2":3,"3":6,"4":6,"5":1,"6":6,"7":6,"8":6,"9":6,"10":6,"11":6,"12":0,"13":0,"14":0,"15":0,"16":6,"17":0,"18":0,"19":6,"20":7,"21":7,"22":7,"23":7},"f":{"0":3,"1":3,"2":6,"3":1,"4":6,"5":6,"6":0,"7":0,"8":7,"9":7},"b":{"0":[0,0],"1":[0,0]},"meta":{"lastBranch":2,"lastFunction":10,"lastStatement":24,"seen":{"f:22:16:22:32":0,"s:23:8:34:Infinity":0,"f:24:4:24:Infinity":1,"s:24:4:32:Infinity":1,"s:36:2:40:Infinity":2,"f:49:9:49:36":2,"s:50:30:50:Infinity":3,"s:52:8:54:Infinity":4,"f:52:34:52:40":3,"s:53:4:53:Infinity":5,"s:56:8:64:Infinity":6,"f:57:4:57:Infinity":4,"s:57:4:62:Infinity":7,"s:66:2:66:Infinity":8,"f:72:9:72:33":5,"s:73:22:73:Infinity":9,"s:74:28:74:Infinity":10,"s:76:8:82:Infinity":11,"f:77:4:77:14":6,"b:78:6:78:Infinity:undefined:undefined:undefined:undefined":0,"s:78:6:78:Infinity":12,"s:78:24:78:Infinity":13,"b:79:6:79:Infinity:undefined:undefined:undefined:undefined":1,"s:79:6:79:Infinity":14,"s:79:23:79:Infinity":15,"s:84:8:87:Infinity":16,"f:84:45:84:51":7,"s:85:4:85:Infinity":17,"s:86:4:86:Infinity":18,"s:89:2:95:Infinity":19,"f:99:9:99:29":8,"s:100:19:100:Infinity":20,"s:101:2:101:Infinity":21,"f:104:9:104:35":9,"s:105:19:105:Infinity":22,"s:106:2:106:Infinity":23}}}
,"/home/juan/Projects/pokemon-felix/src/features/world/bank/components/BankInterestManager.jsx": {"path":"/home/juan/Projects/pokemon-felix/src/features/world/bank/components/BankInterestManager.jsx","statementMap":{"0":{"start":{"line":5,"column":33},"end":{"line":5,"column":null}},"1":{"start":{"line":6,"column":22},"end":{"line":6,"column":null}},"2":{"start":{"line":8,"column":2},"end":{"line":13,"column":null}},"3":{"start":{"line":9,"column":21},"end":{"line":9,"column":null}},"4":{"start":{"line":10,"column":4},"end":{"line":12,"column":null}},"5":{"start":{"line":11,"column":6},"end":{"line":11,"column":null}},"6":{"start":{"line":15,"column":2},"end":{"line":15,"column":null}}},"fnMap":{"0":{"name":"BankInterestManager","decl":{"start":{"line":4,"column":16},"end":{"line":4,"column":38}},"loc":{"start":{"line":4,"column":38},"end":{"line":16,"column":null}},"line":4},"1":{"name":"(anonymous_1)","decl":{"start":{"line":8,"column":12},"end":{"line":8,"column":18}},"loc":{"start":{"line":8,"column":18},"end":{"line":13,"column":5}},"line":8}},"branchMap":{"0":{"loc":{"start":{"line":10,"column":4},"end":{"line":12,"column":null}},"type":"if","locations":[{"start":{"line":10,"column":4},"end":{"line":12,"column":null}},{"start":{},"end":{}}],"line":10}},"s":{"0":6,"1":6,"2":6,"3":6,"4":6,"5":0,"6":6},"f":{"0":6,"1":6},"b":{"0":[0,6]},"meta":{"lastBranch":1,"lastFunction":2,"lastStatement":7,"seen":{"f:4:16:4:38":0,"s:5:33:5:Infinity":0,"s:6:22:6:Infinity":1,"s:8:2:13:Infinity":2,"f:8:12:8:18":1,"s:9:21:9:Infinity":3,"b:10:4:12:Infinity:undefined:undefined:undefined:undefined":0,"s:10:4:12:Infinity":4,"s:11:6:11:Infinity":5,"s:15:2:15:Infinity":6}}}
,"/home/juan/Projects/pokemon-felix/src/hooks/useCare.js": {"path":"/home/juan/Projects/pokemon-felix/src/hooks/useCare.js","statementMap":{"0":{"start":{"line":6,"column":35},"end":{"line":6,"column":73}},"1":{"start":{"line":9,"column":1},"end":{"line":38,"column":null}},"2":{"start":{"line":10,"column":4},"end":{"line":37,"column":null}},"3":{"start":{"line":11,"column":23},"end":{"line":11,"column":34}},"4":{"start":{"line":12,"column":20},"end":{"line":12,"column":25}},"5":{"start":{"line":15,"column":6},"end":{"line":25,"column":null}},"6":{"start":{"line":16,"column":8},"end":{"line":24,"column":null}},"7":{"start":{"line":17,"column":10},"end":{"line":22,"column":null}},"8":{"start":{"line":23,"column":10},"end":{"line":23,"column":null}},"9":{"start":{"line":28,"column":6},"end":{"line":34,"column":null}},"10":{"start":{"line":29,"column":24},"end":{"line":29,"column":41}},"11":{"start":{"line":30,"column":8},"end":{"line":33,"column":null}},"12":{"start":{"line":31,"column":10},"end":{"line":31,"column":null}},"13":{"start":{"line":32,"column":10},"end":{"line":32,"column":null}},"14":{"start":{"line":36,"column":6},"end":{"line":36,"column":null}},"15":{"start":{"line":40,"column":22},"end":{"line":45,"column":3}},"16":{"start":{"line":41,"column":4},"end":{"line":44,"column":null}},"17":{"start":{"line":41,"column":26},"end":{"line":44,"column":5}},"18":{"start":{"line":47,"column":18},"end":{"line":55,"column":3}},"19":{"start":{"line":48,"column":4},"end":{"line":54,"column":null}},"20":{"start":{"line":49,"column":24},"end":{"line":49,"column":35}},"21":{"start":{"line":50,"column":6},"end":{"line":52,"column":null}},"22":{"start":{"line":51,"column":8},"end":{"line":51,"column":null}},"23":{"start":{"line":53,"column":6},"end":{"line":53,"column":null}},"24":{"start":{"line":57,"column":22},"end":{"line":69,"column":3}},"25":{"start":{"line":58,"column":4},"end":{"line":68,"column":null}},"26":{"start":{"line":59,"column":22},"end":{"line":59,"column":83}},"27":{"start":{"line":60,"column":6},"end":{"line":67,"column":null}},"28":{"start":{"line":71,"column":21},"end":{"line":79,"column":3}},"29":{"start":{"line":72,"column":4},"end":{"line":78,"column":null}},"30":{"start":{"line":73,"column":22},"end":{"line":73,"column":83}},"31":{"start":{"line":74,"column":6},"end":{"line":77,"column":null}},"32":{"start":{"line":81,"column":2},"end":{"line":87,"column":null}}},"fnMap":{"0":{"name":"useCare","decl":{"start":{"line":5,"column":16},"end":{"line":5,"column":23}},"loc":{"start":{"line":5,"column":34},"end":{"line":88,"column":null}},"line":5},"1":{"name":"(anonymous_1)","decl":{"start":{"line":9,"column":12},"end":{"line":9,"column":13}},"loc":{"start":{"line":9,"column":18},"end":{"line":38,"column":3}},"line":9},"2":{"name":"(anonymous_2)","decl":{"start":{"line":10,"column":17},"end":{"line":10,"column":21}},"loc":{"start":{"line":10,"column":25},"end":{"line":37,"column":5}},"line":10},"3":{"name":"(anonymous_3)","decl":{"start":{"line":15,"column":23},"end":{"line":15,"column":25}},"loc":{"start":{"line":15,"column":29},"end":{"line":25,"column":7}},"line":15},"4":{"name":"(anonymous_4)","decl":{"start":{"line":28,"column":36},"end":{"line":28,"column":39}},"loc":{"start":{"line":28,"column":43},"end":{"line":34,"column":7}},"line":28},"5":{"name":"(anonymous_5)","decl":{"start":{"line":40,"column":22},"end":{"line":40,"column":24}},"loc":{"start":{"line":40,"column":28},"end":{"line":45,"column":3}},"line":40},"6":{"name":"(anonymous_6)","decl":{"start":{"line":41,"column":17},"end":{"line":41,"column":21}},"loc":{"start":{"line":41,"column":26},"end":{"line":44,"column":5}},"line":41},"7":{"name":"(anonymous_7)","decl":{"start":{"line":47,"column":18},"end":{"line":47,"column":19}},"loc":{"start":{"line":47,"column":24},"end":{"line":55,"column":3}},"line":47},"8":{"name":"(anonymous_8)","decl":{"start":{"line":48,"column":17},"end":{"line":48,"column":21}},"loc":{"start":{"line":48,"column":25},"end":{"line":54,"column":5}},"line":48},"9":{"name":"(anonymous_9)","decl":{"start":{"line":50,"column":37},"end":{"line":50,"column":39}},"loc":{"start":{"line":50,"column":43},"end":{"line":52,"column":7}},"line":50},"10":{"name":"(anonymous_10)","decl":{"start":{"line":57,"column":22},"end":{"line":57,"column":24}},"loc":{"start":{"line":57,"column":28},"end":{"line":69,"column":3}},"line":57},"11":{"name":"(anonymous_11)","decl":{"start":{"line":58,"column":17},"end":{"line":58,"column":21}},"loc":{"start":{"line":58,"column":25},"end":{"line":68,"column":5}},"line":58},"12":{"name":"(anonymous_12)","decl":{"start":{"line":71,"column":21},"end":{"line":71,"column":22}},"loc":{"start":{"line":71,"column":37},"end":{"line":79,"column":3}},"line":71},"13":{"name":"(anonymous_13)","decl":{"start":{"line":72,"column":17},"end":{"line":72,"column":21}},"loc":{"start":{"line":72,"column":25},"end":{"line":78,"column":5}},"line":72}},"branchMap":{"0":{"loc":{"start":{"line":16,"column":8},"end":{"line":24,"column":null}},"type":"if","locations":[{"start":{"line":16,"column":8},"end":{"line":24,"column":null}},{"start":{},"end":{}}],"line":16},"1":{"loc":{"start":{"line":30,"column":8},"end":{"line":33,"column":null}},"type":"if","locations":[{"start":{"line":30,"column":8},"end":{"line":33,"column":null}},{"start":{},"end":{}}],"line":30},"2":{"loc":{"start":{"line":36,"column":13},"end":{"line":36,"column":38}},"type":"cond-expr","locations":[{"start":{"line":36,"column":23},"end":{"line":36,"column":31}},{"start":{"line":36,"column":34},"end":{"line":36,"column":38}}],"line":36},"3":{"loc":{"start":{"line":59,"column":22},"end":{"line":59,"column":83}},"type":"binary-expr","locations":[{"start":{"line":59,"column":22},"end":{"line":59,"column":30}},{"start":{"line":59,"column":34},"end":{"line":59,"column":83}}],"line":59},"4":{"loc":{"start":{"line":73,"column":22},"end":{"line":73,"column":83}},"type":"binary-expr","locations":[{"start":{"line":73,"column":22},"end":{"line":73,"column":30}},{"start":{"line":73,"column":34},"end":{"line":73,"column":83}}],"line":73},"5":{"loc":{"start":{"line":76,"column":52},"end":{"line":76,"column":72}},"type":"binary-expr","locations":[{"start":{"line":76,"column":52},"end":{"line":76,"column":67}},{"start":{"line":76,"column":71},"end":{"line":76,"column":72}}],"line":76}},"s":{"0":21,"1":21,"2":14,"3":14,"4":14,"5":14,"6":8,"7":4,"8":4,"9":14,"10":10,"11":10,"12":2,"13":2,"14":14,"15":21,"16":1,"17":1,"18":21,"19":0,"20":0,"21":0,"22":0,"23":0,"24":21,"25":1,"26":1,"27":1,"28":21,"29":1,"30":1,"31":1,"32":21},"f":{"0":21,"1":14,"2":14,"3":8,"4":10,"5":1,"6":1,"7":0,"8":0,"9":0,"10":1,"11":1,"12":1,"13":1},"b":{"0":[4,4],"1":[2,8],"2":[5,9],"3":[1,0],"4":[1,0],"5":[1,1]},"meta":{"lastBranch":6,"lastFunction":14,"lastStatement":33,"seen":{"f:5:16:5:23":0,"s:6:35:6:73":0,"s:9:1:38:Infinity":1,"f:9:12:9:13":1,"s:10:4:37:Infinity":2,"f:10:17:10:21":2,"s:11:23:11:34":3,"s:12:20:12:25":4,"s:15:6:25:Infinity":5,"f:15:23:15:25":3,"b:16:8:24:Infinity:undefined:undefined:undefined:undefined":0,"s:16:8:24:Infinity":6,"s:17:10:22:Infinity":7,"s:23:10:23:Infinity":8,"s:28:6:34:Infinity":9,"f:28:36:28:39":4,"s:29:24:29:41":10,"b:30:8:33:Infinity:undefined:undefined:undefined:undefined":1,"s:30:8:33:Infinity":11,"s:31:10:31:Infinity":12,"s:32:10:32:Infinity":13,"s:36:6:36:Infinity":14,"b:36:23:36:31:36:34:36:38":2,"s:40:22:45:3":15,"f:40:22:40:24":5,"s:41:4:44:Infinity":16,"f:41:17:41:21":6,"s:41:26:44:5":17,"s:47:18:55:3":18,"f:47:18:47:19":7,"s:48:4:54:Infinity":19,"f:48:17:48:21":8,"s:49:24:49:35":20,"s:50:6:52:Infinity":21,"f:50:37:50:39":9,"s:51:8:51:Infinity":22,"s:53:6:53:Infinity":23,"s:57:22:69:3":24,"f:57:22:57:24":10,"s:58:4:68:Infinity":25,"f:58:17:58:21":11,"s:59:22:59:83":26,"b:59:22:59:30:59:34:59:83":3,"s:60:6:67:Infinity":27,"s:71:21:79:3":28,"f:71:21:71:22":12,"s:72:4:78:Infinity":29,"f:72:17:72:21":13,"s:73:22:73:83":30,"b:73:22:73:30:73:34:73:83":4,"s:74:6:77:Infinity":31,"b:76:52:76:67:76:71:76:72":5,"s:81:2:87:Infinity":32}}}
,"/home/juan/Projects/pokemon-felix/src/hooks/useCoins.js": {"path":"/home/juan/Projects/pokemon-felix/src/hooks/useCoins.js","statementMap":{"0":{"start":{"line":5,"column":27},"end":{"line":8,"column":4}},"1":{"start":{"line":6,"column":18},"end":{"line":6,"column":58}},"2":{"start":{"line":7,"column":4},"end":{"line":7,"column":null}},"3":{"start":{"line":10,"column":39},"end":{"line":13,"column":4}},"4":{"start":{"line":11,"column":18},"end":{"line":11,"column":65}},"5":{"start":{"line":12,"column":4},"end":{"line":12,"column":null}},"6":{"start":{"line":15,"column":24},"end":{"line":15,"column":28}},"7":{"start":{"line":17,"column":1},"end":{"line":19,"column":null}},"8":{"start":{"line":18,"column":4},"end":{"line":18,"column":null}},"9":{"start":{"line":21,"column":1},"end":{"line":23,"column":null}},"10":{"start":{"line":22,"column":4},"end":{"line":22,"column":null}},"11":{"start":{"line":25,"column":18},"end":{"line":27,"column":8}},"12":{"start":{"line":26,"column":4},"end":{"line":26,"column":null}},"13":{"start":{"line":26,"column":21},"end":{"line":26,"column":34}},"14":{"start":{"line":29,"column":21},"end":{"line":38,"column":3}},"15":{"start":{"line":31,"column":6},"end":{"line":34,"column":null}},"16":{"start":{"line":32,"column":8},"end":{"line":32,"column":null}},"17":{"start":{"line":32,"column":25},"end":{"line":32,"column":38}},"18":{"start":{"line":33,"column":8},"end":{"line":33,"column":null}},"19":{"start":{"line":35,"column":6},"end":{"line":35,"column":null}},"20":{"start":{"line":40,"column":20},"end":{"line":49,"column":3}},"21":{"start":{"line":42,"column":6},"end":{"line":45,"column":null}},"22":{"start":{"line":43,"column":8},"end":{"line":43,"column":null}},"23":{"start":{"line":43,"column":25},"end":{"line":43,"column":38}},"24":{"start":{"line":44,"column":8},"end":{"line":44,"column":null}},"25":{"start":{"line":46,"column":6},"end":{"line":46,"column":null}},"26":{"start":{"line":52,"column":17},"end":{"line":63,"column":3}},"27":{"start":{"line":54,"column":6},"end":{"line":54,"column":null}},"28":{"start":{"line":54,"column":23},"end":{"line":54,"column":null}},"29":{"start":{"line":55,"column":6},"end":{"line":59,"column":null}},"30":{"start":{"line":56,"column":8},"end":{"line":56,"column":null}},"31":{"start":{"line":56,"column":25},"end":{"line":56,"column":38}},"32":{"start":{"line":57,"column":8},"end":{"line":57,"column":null}},"33":{"start":{"line":57,"column":31},"end":{"line":57,"column":44}},"34":{"start":{"line":58,"column":8},"end":{"line":58,"column":null}},"35":{"start":{"line":60,"column":6},"end":{"line":60,"column":null}},"36":{"start":{"line":65,"column":18},"end":{"line":76,"column":3}},"37":{"start":{"line":67,"column":6},"end":{"line":67,"column":null}},"38":{"start":{"line":67,"column":23},"end":{"line":67,"column":null}},"39":{"start":{"line":68,"column":6},"end":{"line":72,"column":null}},"40":{"start":{"line":69,"column":8},"end":{"line":69,"column":null}},"41":{"start":{"line":69,"column":31},"end":{"line":69,"column":44}},"42":{"start":{"line":70,"column":8},"end":{"line":70,"column":null}},"43":{"start":{"line":70,"column":25},"end":{"line":70,"column":38}},"44":{"start":{"line":71,"column":8},"end":{"line":71,"column":null}},"45":{"start":{"line":73,"column":6},"end":{"line":73,"column":null}},"46":{"start":{"line":78,"column":32},"end":{"line":92,"column":19}},"47":{"start":{"line":79,"column":29},"end":{"line":79,"column":82}},"48":{"start":{"line":80,"column":18},"end":{"line":80,"column":43}},"49":{"start":{"line":82,"column":4},"end":{"line":90,"column":null}},"50":{"start":{"line":83,"column":23},"end":{"line":83,"column":62}},"51":{"start":{"line":85,"column":6},"end":{"line":89,"column":null}},"52":{"start":{"line":86,"column":8},"end":{"line":86,"column":null}},"53":{"start":{"line":86,"column":31},"end":{"line":86,"column":46}},"54":{"start":{"line":87,"column":8},"end":{"line":87,"column":null}},"55":{"start":{"line":88,"column":8},"end":{"line":88,"column":null}},"56":{"start":{"line":91,"column":4},"end":{"line":91,"column":null}},"57":{"start":{"line":94,"column":2},"end":{"line":104,"column":null}}},"fnMap":{"0":{"name":"useCoins","decl":{"start":{"line":4,"column":16},"end":{"line":4,"column":24}},"loc":{"start":{"line":4,"column":46},"end":{"line":105,"column":null}},"line":4},"1":{"name":"(anonymous_1)","decl":{"start":{"line":5,"column":37},"end":{"line":5,"column":38}},"loc":{"start":{"line":5,"column":43},"end":{"line":8,"column":3}},"line":5},"2":{"name":"(anonymous_2)","decl":{"start":{"line":10,"column":49},"end":{"line":10,"column":50}},"loc":{"start":{"line":10,"column":55},"end":{"line":13,"column":3}},"line":10},"3":{"name":"(anonymous_3)","decl":{"start":{"line":17,"column":12},"end":{"line":17,"column":13}},"loc":{"start":{"line":17,"column":18},"end":{"line":19,"column":3}},"line":17},"4":{"name":"(anonymous_4)","decl":{"start":{"line":21,"column":12},"end":{"line":21,"column":13}},"loc":{"start":{"line":21,"column":18},"end":{"line":23,"column":3}},"line":21},"5":{"name":"(anonymous_5)","decl":{"start":{"line":25,"column":31},"end":{"line":25,"column":37}},"loc":{"start":{"line":25,"column":41},"end":{"line":27,"column":3}},"line":25},"6":{"name":"(anonymous_6)","decl":{"start":{"line":26,"column":13},"end":{"line":26,"column":17}},"loc":{"start":{"line":26,"column":21},"end":{"line":26,"column":34}},"line":26},"7":{"name":"(anonymous_7)","decl":{"start":{"line":30,"column":4},"end":{"line":30,"column":10}},"loc":{"start":{"line":30,"column":14},"end":{"line":36,"column":5}},"line":30},"8":{"name":"(anonymous_8)","decl":{"start":{"line":32,"column":17},"end":{"line":32,"column":21}},"loc":{"start":{"line":32,"column":25},"end":{"line":32,"column":38}},"line":32},"9":{"name":"(anonymous_9)","decl":{"start":{"line":41,"column":4},"end":{"line":41,"column":10}},"loc":{"start":{"line":41,"column":14},"end":{"line":47,"column":5}},"line":41},"10":{"name":"(anonymous_10)","decl":{"start":{"line":43,"column":17},"end":{"line":43,"column":21}},"loc":{"start":{"line":43,"column":25},"end":{"line":43,"column":38}},"line":43},"11":{"name":"(anonymous_11)","decl":{"start":{"line":53,"column":4},"end":{"line":53,"column":10}},"loc":{"start":{"line":53,"column":14},"end":{"line":61,"column":5}},"line":53},"12":{"name":"(anonymous_12)","decl":{"start":{"line":56,"column":17},"end":{"line":56,"column":21}},"loc":{"start":{"line":56,"column":25},"end":{"line":56,"column":38}},"line":56},"13":{"name":"(anonymous_13)","decl":{"start":{"line":57,"column":23},"end":{"line":57,"column":27}},"loc":{"start":{"line":57,"column":31},"end":{"line":57,"column":44}},"line":57},"14":{"name":"(anonymous_14)","decl":{"start":{"line":66,"column":4},"end":{"line":66,"column":10}},"loc":{"start":{"line":66,"column":14},"end":{"line":74,"column":5}},"line":66},"15":{"name":"(anonymous_15)","decl":{"start":{"line":69,"column":23},"end":{"line":69,"column":27}},"loc":{"start":{"line":69,"column":31},"end":{"line":69,"column":44}},"line":69},"16":{"name":"(anonymous_16)","decl":{"start":{"line":70,"column":17},"end":{"line":70,"column":21}},"loc":{"start":{"line":70,"column":25},"end":{"line":70,"column":38}},"line":70},"17":{"name":"(anonymous_17)","decl":{"start":{"line":78,"column":45},"end":{"line":78,"column":46}},"loc":{"start":{"line":78,"column":51},"end":{"line":92,"column":3}},"line":78},"18":{"name":"(anonymous_18)","decl":{"start":{"line":86,"column":23},"end":{"line":86,"column":27}},"loc":{"start":{"line":86,"column":31},"end":{"line":86,"column":46}},"line":86}},"branchMap":{"0":{"loc":{"start":{"line":4,"column":25},"end":{"line":4,"column":44}},"type":"default-arg","locations":[{"start":{"line":4,"column":41},"end":{"line":4,"column":44}}],"line":4},"1":{"loc":{"start":{"line":7,"column":11},"end":{"line":7,"column":54}},"type":"cond-expr","locations":[{"start":{"line":7,"column":19},"end":{"line":7,"column":38}},{"start":{"line":7,"column":41},"end":{"line":7,"column":54}}],"line":7},"2":{"loc":{"start":{"line":12,"column":11},"end":{"line":12,"column":42}},"type":"cond-expr","locations":[{"start":{"line":12,"column":19},"end":{"line":12,"column":38}},{"start":{"line":12,"column":41},"end":{"line":12,"column":42}}],"line":12},"3":{"loc":{"start":{"line":31,"column":6},"end":{"line":34,"column":null}},"type":"if","locations":[{"start":{"line":31,"column":6},"end":{"line":34,"column":null}},{"start":{},"end":{}}],"line":31},"4":{"loc":{"start":{"line":42,"column":6},"end":{"line":45,"column":null}},"type":"if","locations":[{"start":{"line":42,"column":6},"end":{"line":45,"column":null}},{"start":{},"end":{}}],"line":42},"5":{"loc":{"start":{"line":54,"column":6},"end":{"line":54,"column":null}},"type":"if","locations":[{"start":{"line":54,"column":6},"end":{"line":54,"column":null}},{"start":{},"end":{}}],"line":54},"6":{"loc":{"start":{"line":55,"column":6},"end":{"line":59,"column":null}},"type":"if","locations":[{"start":{"line":55,"column":6},"end":{"line":59,"column":null}},{"start":{},"end":{}}],"line":55},"7":{"loc":{"start":{"line":67,"column":6},"end":{"line":67,"column":null}},"type":"if","locations":[{"start":{"line":67,"column":6},"end":{"line":67,"column":null}},{"start":{},"end":{}}],"line":67},"8":{"loc":{"start":{"line":68,"column":6},"end":{"line":72,"column":null}},"type":"if","locations":[{"start":{"line":68,"column":6},"end":{"line":72,"column":null}},{"start":{},"end":{}}],"line":68},"9":{"loc":{"start":{"line":82,"column":4},"end":{"line":90,"column":null}},"type":"if","locations":[{"start":{"line":82,"column":4},"end":{"line":90,"column":null}},{"start":{},"end":{}}],"line":82},"10":{"loc":{"start":{"line":82,"column":8},"end":{"line":82,"column":53}},"type":"binary-expr","locations":[{"start":{"line":82,"column":8},"end":{"line":82,"column":23}},{"start":{"line":82,"column":27},"end":{"line":82,"column":53}}],"line":82},"11":{"loc":{"start":{"line":85,"column":6},"end":{"line":89,"column":null}},"type":"if","locations":[{"start":{"line":85,"column":6},"end":{"line":89,"column":null}},{"start":{},"end":{}}],"line":85}},"s":{"0":14,"1":6,"2":6,"3":14,"4":6,"5":6,"6":14,"7":14,"8":11,"9":14,"10":9,"11":14,"12":2,"13":2,"14":14,"15":0,"16":0,"17":0,"18":0,"19":0,"20":14,"21":2,"22":1,"23":1,"24":1,"25":1,"26":14,"27":3,"28":1,"29":2,"30":1,"31":1,"32":1,"33":1,"34":1,"35":1,"36":14,"37":3,"38":1,"39":2,"40":1,"41":1,"42":1,"43":1,"44":1,"45":1,"46":14,"47":8,"48":8,"49":8,"50":1,"51":1,"52":1,"53":1,"54":1,"55":1,"56":7,"57":14},"f":{"0":14,"1":6,"2":6,"3":11,"4":9,"5":2,"6":2,"7":0,"8":0,"9":2,"10":1,"11":3,"12":1,"13":1,"14":3,"15":1,"16":1,"17":8,"18":1},"b":{"0":[14],"1":[1,5],"2":[2,4],"3":[0,0],"4":[1,1],"5":[1,2],"6":[1,1],"7":[1,2],"8":[1,1],"9":[1,7],"10":[8,2],"11":[1,0]},"meta":{"lastBranch":12,"lastFunction":19,"lastStatement":58,"seen":{"f:4:16:4:24":0,"b:4:41:4:44":0,"s:5:27:8:4":0,"f:5:37:5:38":1,"s:6:18:6:58":1,"s:7:4:7:Infinity":2,"b:7:19:7:38:7:41:7:54":1,"s:10:39:13:4":3,"f:10:49:10:50":2,"s:11:18:11:65":4,"s:12:4:12:Infinity":5,"b:12:19:12:38:12:41:12:42":2,"s:15:24:15:28":6,"s:17:1:19:Infinity":7,"f:17:12:17:13":3,"s:18:4:18:Infinity":8,"s:21:1:23:Infinity":9,"f:21:12:21:13":4,"s:22:4:22:Infinity":10,"s:25:18:27:8":11,"f:25:31:25:37":5,"s:26:4:26:Infinity":12,"f:26:13:26:17":6,"s:26:21:26:34":13,"s:29:21:38:3":14,"f:30:4:30:10":7,"b:31:6:34:Infinity:undefined:undefined:undefined:undefined":3,"s:31:6:34:Infinity":15,"s:32:8:32:Infinity":16,"f:32:17:32:21":8,"s:32:25:32:38":17,"s:33:8:33:Infinity":18,"s:35:6:35:Infinity":19,"s:40:20:49:3":20,"f:41:4:41:10":9,"b:42:6:45:Infinity:undefined:undefined:undefined:undefined":4,"s:42:6:45:Infinity":21,"s:43:8:43:Infinity":22,"f:43:17:43:21":10,"s:43:25:43:38":23,"s:44:8:44:Infinity":24,"s:46:6:46:Infinity":25,"s:52:17:63:3":26,"f:53:4:53:10":11,"b:54:6:54:Infinity:undefined:undefined:undefined:undefined":5,"s:54:6:54:Infinity":27,"s:54:23:54:Infinity":28,"b:55:6:59:Infinity:undefined:undefined:undefined:undefined":6,"s:55:6:59:Infinity":29,"s:56:8:56:Infinity":30,"f:56:17:56:21":12,"s:56:25:56:38":31,"s:57:8:57:Infinity":32,"f:57:23:57:27":13,"s:57:31:57:44":33,"s:58:8:58:Infinity":34,"s:60:6:60:Infinity":35,"s:65:18:76:3":36,"f:66:4:66:10":14,"b:67:6:67:Infinity:undefined:undefined:undefined:undefined":7,"s:67:6:67:Infinity":37,"s:67:23:67:Infinity":38,"b:68:6:72:Infinity:undefined:undefined:undefined:undefined":8,"s:68:6:72:Infinity":39,"s:69:8:69:Infinity":40,"f:69:23:69:27":15,"s:69:31:69:44":41,"s:70:8:70:Infinity":42,"f:70:17:70:21":16,"s:70:25:70:38":43,"s:71:8:71:Infinity":44,"s:73:6:73:Infinity":45,"s:78:32:92:19":46,"f:78:45:78:46":17,"s:79:29:79:82":47,"s:80:18:80:43":48,"b:82:4:90:Infinity:undefined:undefined:undefined:undefined":9,"s:82:4:90:Infinity":49,"b:82:8:82:23:82:27:82:53":10,"s:83:23:83:62":50,"b:85:6:89:Infinity:undefined:undefined:undefined:undefined":11,"s:85:6:89:Infinity":51,"s:86:8:86:Infinity":52,"f:86:23:86:27":18,"s:86:31:86:46":53,"s:87:8:87:Infinity":54,"s:88:8:88:Infinity":55,"s:91:4:91:Infinity":56,"s:94:2:104:Infinity":57}}}
,"/home/juan/Projects/pokemon-felix/src/hooks/useCollection.js": {"path":"/home/juan/Projects/pokemon-felix/src/hooks/useCollection.js","statementMap":{"0":{"start":{"line":13,"column":33},"end":{"line":13,"column":46}},"1":{"start":{"line":15,"column":1},"end":{"line":31,"column":null}},"2":{"start":{"line":16,"column":17},"end":{"line":16,"column":22}},"3":{"start":{"line":17,"column":27},"end":{"line":26,"column":5}},"4":{"start":{"line":18,"column":6},"end":{"line":25,"column":null}},"5":{"start":{"line":19,"column":20},"end":{"line":19,"column":41}},"6":{"start":{"line":20,"column":8},"end":{"line":22,"column":null}},"7":{"start":{"line":21,"column":10},"end":{"line":21,"column":null}},"8":{"start":{"line":24,"column":8},"end":{"line":24,"column":null}},"9":{"start":{"line":27,"column":4},"end":{"line":27,"column":null}},"10":{"start":{"line":28,"column":4},"end":{"line":30,"column":null}},"11":{"start":{"line":29,"column":6},"end":{"line":29,"column":null}},"12":{"start":{"line":33,"column":21},"end":{"line":51,"column":3}},"13":{"start":{"line":35,"column":22},"end":{"line":35,"column":43}},"14":{"start":{"line":36,"column":6},"end":{"line":36,"column":null}},"15":{"start":{"line":36,"column":27},"end":{"line":36,"column":83}},"16":{"start":{"line":36,"column":56},"end":{"line":36,"column":66}},"17":{"start":{"line":38,"column":6},"end":{"line":48,"column":null}},"18":{"start":{"line":39,"column":8},"end":{"line":43,"column":null}},"19":{"start":{"line":40,"column":10},"end":{"line":40,"column":null}},"20":{"start":{"line":42,"column":10},"end":{"line":42,"column":null}},"21":{"start":{"line":45,"column":8},"end":{"line":45,"column":null}},"22":{"start":{"line":47,"column":8},"end":{"line":47,"column":null}},"23":{"start":{"line":47,"column":29},"end":{"line":47,"column":85}},"24":{"start":{"line":47,"column":74},"end":{"line":47,"column":84}},"25":{"start":{"line":53,"column":2},"end":{"line":60,"column":null}},"26":{"start":{"line":54,"column":11},"end":{"line":58,"column":5}}},"fnMap":{"0":{"name":"useCollection","decl":{"start":{"line":12,"column":16},"end":{"line":12,"column":29}},"loc":{"start":{"line":12,"column":32},"end":{"line":61,"column":null}},"line":12},"1":{"name":"(anonymous_1)","decl":{"start":{"line":15,"column":12},"end":{"line":15,"column":13}},"loc":{"start":{"line":15,"column":18},"end":{"line":31,"column":3}},"line":15},"2":{"name":"(anonymous_2)","decl":{"start":{"line":17,"column":27},"end":{"line":17,"column":32}},"loc":{"start":{"line":17,"column":39},"end":{"line":26,"column":5}},"line":17},"3":{"name":"(anonymous_3)","decl":{"start":{"line":28,"column":11},"end":{"line":28,"column":12}},"loc":{"start":{"line":28,"column":17},"end":{"line":30,"column":5}},"line":28},"4":{"name":"(anonymous_4)","decl":{"start":{"line":34,"column":4},"end":{"line":34,"column":9}},"loc":{"start":{"line":34,"column":16},"end":{"line":49,"column":5}},"line":34},"5":{"name":"(anonymous_5)","decl":{"start":{"line":36,"column":18},"end":{"line":36,"column":22}},"loc":{"start":{"line":36,"column":27},"end":{"line":36,"column":83}},"line":36},"6":{"name":"(anonymous_6)","decl":{"start":{"line":36,"column":49},"end":{"line":36,"column":52}},"loc":{"start":{"line":36,"column":56},"end":{"line":36,"column":66}},"line":36},"7":{"name":"(anonymous_7)","decl":{"start":{"line":47,"column":20},"end":{"line":47,"column":24}},"loc":{"start":{"line":47,"column":29},"end":{"line":47,"column":85}},"line":47},"8":{"name":"(anonymous_8)","decl":{"start":{"line":47,"column":67},"end":{"line":47,"column":70}},"loc":{"start":{"line":47,"column":74},"end":{"line":47,"column":84}},"line":47},"9":{"name":"(anonymous_9)","decl":{"start":{"line":54,"column":4},"end":{"line":54,"column":5}},"loc":{"start":{"line":54,"column":11},"end":{"line":58,"column":5}},"line":54}},"branchMap":{"0":{"loc":{"start":{"line":20,"column":8},"end":{"line":22,"column":null}},"type":"if","locations":[{"start":{"line":20,"column":8},"end":{"line":22,"column":null}},{"start":{},"end":{}}],"line":20},"1":{"loc":{"start":{"line":36,"column":27},"end":{"line":36,"column":83}},"type":"cond-expr","locations":[{"start":{"line":36,"column":37},"end":{"line":36,"column":67}},{"start":{"line":36,"column":70},"end":{"line":36,"column":83}}],"line":36},"2":{"loc":{"start":{"line":39,"column":8},"end":{"line":43,"column":null}},"type":"if","locations":[{"start":{"line":39,"column":8},"end":{"line":43,"column":null}},{"start":{"line":41,"column":15},"end":{"line":43,"column":null}}],"line":39},"3":{"loc":{"start":{"line":47,"column":29},"end":{"line":47,"column":85}},"type":"cond-expr","locations":[{"start":{"line":47,"column":39},"end":{"line":47,"column":52}},{"start":{"line":47,"column":55},"end":{"line":47,"column":85}}],"line":47}},"s":{"0":10,"1":10,"2":7,"3":7,"4":7,"5":7,"6":7,"7":4,"8":0,"9":7,"10":7,"11":6,"12":10,"13":1,"14":1,"15":1,"16":0,"17":1,"18":1,"19":0,"20":1,"21":0,"22":0,"23":0,"24":0,"25":10,"26":10},"f":{"0":10,"1":7,"2":7,"3":6,"4":1,"5":1,"6":0,"7":0,"8":0,"9":10},"b":{"0":[4,3],"1":[0,1],"2":[0,1],"3":[0,0]},"meta":{"lastBranch":4,"lastFunction":10,"lastStatement":27,"seen":{"f:12:16:12:29":0,"s:13:33:13:46":0,"s:15:1:31:Infinity":1,"f:15:12:15:13":1,"s:16:17:16:22":2,"s:17:27:26:5":3,"f:17:27:17:32":2,"s:18:6:25:Infinity":4,"s:19:20:19:41":5,"b:20:8:22:Infinity:undefined:undefined:undefined:undefined":0,"s:20:8:22:Infinity":6,"s:21:10:21:Infinity":7,"s:24:8:24:Infinity":8,"s:27:4:27:Infinity":9,"s:28:4:30:Infinity":10,"f:28:11:28:12":3,"s:29:6:29:Infinity":11,"s:33:21:51:3":12,"f:34:4:34:9":4,"s:35:22:35:43":13,"s:36:6:36:Infinity":14,"f:36:18:36:22":5,"s:36:27:36:83":15,"b:36:37:36:67:36:70:36:83":1,"f:36:49:36:52":6,"s:36:56:36:66":16,"s:38:6:48:Infinity":17,"b:39:8:43:Infinity:41:15:43:Infinity":2,"s:39:8:43:Infinity":18,"s:40:10:40:Infinity":19,"s:42:10:42:Infinity":20,"s:45:8:45:Infinity":21,"s:47:8:47:Infinity":22,"f:47:20:47:24":7,"s:47:29:47:85":23,"b:47:39:47:52:47:55:47:85":3,"f:47:67:47:70":8,"s:47:74:47:84":24,"s:53:2:60:Infinity":25,"f:54:4:54:5":9,"s:54:11:58:5":26}}}
,"/home/juan/Projects/pokemon-felix/src/hooks/useExperience.js": {"path":"/home/juan/Projects/pokemon-felix/src/hooks/useExperience.js","statementMap":{"0":{"start":{"line":4,"column":24},"end":{"line":4,"column":43}},"1":{"start":{"line":7,"column":31},"end":{"line":7,"column":68}},"2":{"start":{"line":10,"column":1},"end":{"line":29,"column":null}},"3":{"start":{"line":11,"column":4},"end":{"line":28,"column":null}},"4":{"start":{"line":12,"column":23},"end":{"line":12,"column":34}},"5":{"start":{"line":13,"column":20},"end":{"line":13,"column":25}},"6":{"start":{"line":16,"column":6},"end":{"line":25,"column":null}},"7":{"start":{"line":17,"column":8},"end":{"line":24,"column":null}},"8":{"start":{"line":18,"column":10},"end":{"line":22,"column":null}},"9":{"start":{"line":23,"column":10},"end":{"line":23,"column":null}},"10":{"start":{"line":27,"column":6},"end":{"line":27,"column":null}},"11":{"start":{"line":37,"column":25},"end":{"line":65,"column":3}},"12":{"start":{"line":38,"column":19},"end":{"line":38,"column":52}},"13":{"start":{"line":40,"column":4},"end":{"line":62,"column":null}},"14":{"start":{"line":41,"column":22},"end":{"line":41,"column":71}},"15":{"start":{"line":42,"column":26},"end":{"line":42,"column":33}},"16":{"start":{"line":43,"column":19},"end":{"line":43,"column":30}},"17":{"start":{"line":45,"column":6},"end":{"line":45,"column":null}},"18":{"start":{"line":48,"column":6},"end":{"line":56,"column":null}},"19":{"start":{"line":49,"column":8},"end":{"line":55,"column":null}},"20":{"start":{"line":50,"column":10},"end":{"line":50,"column":null}},"21":{"start":{"line":51,"column":10},"end":{"line":51,"column":null}},"22":{"start":{"line":52,"column":10},"end":{"line":52,"column":null}},"23":{"start":{"line":53,"column":10},"end":{"line":53,"column":null}},"24":{"start":{"line":54,"column":10},"end":{"line":54,"column":null}},"25":{"start":{"line":58,"column":6},"end":{"line":61,"column":null}},"26":{"start":{"line":64,"column":4},"end":{"line":64,"column":null}},"27":{"start":{"line":67,"column":2},"end":{"line":70,"column":null}}},"fnMap":{"0":{"name":"useExperience","decl":{"start":{"line":6,"column":16},"end":{"line":6,"column":29}},"loc":{"start":{"line":6,"column":40},"end":{"line":71,"column":null}},"line":6},"1":{"name":"(anonymous_1)","decl":{"start":{"line":10,"column":12},"end":{"line":10,"column":13}},"loc":{"start":{"line":10,"column":18},"end":{"line":29,"column":3}},"line":10},"2":{"name":"(anonymous_2)","decl":{"start":{"line":11,"column":15},"end":{"line":11,"column":19}},"loc":{"start":{"line":11,"column":23},"end":{"line":28,"column":5}},"line":11},"3":{"name":"(anonymous_3)","decl":{"start":{"line":16,"column":23},"end":{"line":16,"column":25}},"loc":{"start":{"line":16,"column":29},"end":{"line":25,"column":7}},"line":16},"4":{"name":"(anonymous_4)","decl":{"start":{"line":37,"column":25},"end":{"line":37,"column":26}},"loc":{"start":{"line":37,"column":41},"end":{"line":65,"column":3}},"line":37},"5":{"name":"(anonymous_5)","decl":{"start":{"line":40,"column":15},"end":{"line":40,"column":19}},"loc":{"start":{"line":40,"column":23},"end":{"line":62,"column":5}},"line":40}},"branchMap":{"0":{"loc":{"start":{"line":17,"column":8},"end":{"line":24,"column":null}},"type":"if","locations":[{"start":{"line":17,"column":8},"end":{"line":24,"column":null}},{"start":{},"end":{}}],"line":17},"1":{"loc":{"start":{"line":27,"column":13},"end":{"line":27,"column":38}},"type":"cond-expr","locations":[{"start":{"line":27,"column":23},"end":{"line":27,"column":31}},{"start":{"line":27,"column":34},"end":{"line":27,"column":38}}],"line":27},"2":{"loc":{"start":{"line":41,"column":22},"end":{"line":41,"column":71}},"type":"binary-expr","locations":[{"start":{"line":41,"column":22},"end":{"line":41,"column":30}},{"start":{"line":41,"column":34},"end":{"line":41,"column":71}}],"line":41},"3":{"loc":{"start":{"line":48,"column":6},"end":{"line":56,"column":null}},"type":"if","locations":[{"start":{"line":48,"column":6},"end":{"line":56,"column":null}},{"start":{},"end":{}}],"line":48}},"s":{"0":2,"1":8,"2":8,"3":7,"4":7,"5":7,"6":7,"7":1,"8":1,"9":1,"10":7,"11":8,"12":0,"13":0,"14":0,"15":0,"16":0,"17":0,"18":0,"19":0,"20":0,"21":0,"22":0,"23":0,"24":0,"25":0,"26":0,"27":8},"f":{"0":8,"1":7,"2":7,"3":1,"4":0,"5":0},"b":{"0":[1,0],"1":[1,6],"2":[0,0],"3":[0,0]},"meta":{"lastBranch":4,"lastFunction":6,"lastStatement":28,"seen":{"s:4:24:4:43":0,"f:6:16:6:29":0,"s:7:31:7:68":1,"s:10:1:29:Infinity":2,"f:10:12:10:13":1,"s:11:4:28:Infinity":3,"f:11:15:11:19":2,"s:12:23:12:34":4,"s:13:20:13:25":5,"s:16:6:25:Infinity":6,"f:16:23:16:25":3,"b:17:8:24:Infinity:undefined:undefined:undefined:undefined":0,"s:17:8:24:Infinity":7,"s:18:10:22:Infinity":8,"s:23:10:23:Infinity":9,"s:27:6:27:Infinity":10,"b:27:23:27:31:27:34:27:38":1,"s:37:25:65:3":11,"f:37:25:37:26":4,"s:38:19:38:52":12,"s:40:4:62:Infinity":13,"f:40:15:40:19":5,"s:41:22:41:71":14,"b:41:22:41:30:41:34:41:71":2,"s:42:26:42:33":15,"s:43:19:43:30":16,"s:45:6:45:Infinity":17,"b:48:6:56:Infinity:undefined:undefined:undefined:undefined":3,"s:48:6:56:Infinity":18,"s:49:8:55:Infinity":19,"s:50:10:50:Infinity":20,"s:51:10:51:Infinity":21,"s:52:10:52:Infinity":22,"s:53:10:53:Infinity":23,"s:54:10:54:Infinity":24,"s:58:6:61:Infinity":25,"s:64:4:64:Infinity":26,"s:67:2:70:Infinity":27}}}
,"/home/juan/Projects/pokemon-felix/src/hooks/useInventory.js": {"path":"/home/juan/Projects/pokemon-felix/src/hooks/useInventory.js","statementMap":{"0":{"start":{"line":9,"column":35},"end":{"line":9,"column":78}},"1":{"start":{"line":12,"column":1},"end":{"line":18,"column":9}},"2":{"start":{"line":13,"column":4},"end":{"line":17,"column":null}},"3":{"start":{"line":14,"column":6},"end":{"line":16,"column":null}},"4":{"start":{"line":15,"column":8},"end":{"line":15,"column":null}},"5":{"start":{"line":21,"column":1},"end":{"line":25,"column":null}},"6":{"start":{"line":22,"column":4},"end":{"line":24,"column":null}},"7":{"start":{"line":23,"column":6},"end":{"line":23,"column":null}},"8":{"start":{"line":27,"column":18},"end":{"line":29,"column":3}},"9":{"start":{"line":28,"column":4},"end":{"line":28,"column":null}},"10":{"start":{"line":28,"column":26},"end":{"line":28,"column":77}},"11":{"start":{"line":31,"column":21},"end":{"line":38,"column":3}},"12":{"start":{"line":32,"column":4},"end":{"line":32,"column":null}},"13":{"start":{"line":32,"column":20},"end":{"line":32,"column":null}},"14":{"start":{"line":33,"column":4},"end":{"line":36,"column":null}},"15":{"start":{"line":34,"column":6},"end":{"line":34,"column":null}},"16":{"start":{"line":34,"column":28},"end":{"line":34,"column":72}},"17":{"start":{"line":35,"column":6},"end":{"line":35,"column":null}},"18":{"start":{"line":37,"column":4},"end":{"line":37,"column":null}},"19":{"start":{"line":40,"column":2},"end":{"line":44,"column":null}}},"fnMap":{"0":{"name":"useInventory","decl":{"start":{"line":8,"column":16},"end":{"line":8,"column":28}},"loc":{"start":{"line":8,"column":31},"end":{"line":45,"column":null}},"line":8},"1":{"name":"(anonymous_1)","decl":{"start":{"line":12,"column":12},"end":{"line":12,"column":13}},"loc":{"start":{"line":12,"column":18},"end":{"line":18,"column":3}},"line":12},"2":{"name":"(anonymous_2)","decl":{"start":{"line":14,"column":43},"end":{"line":14,"column":47}},"loc":{"start":{"line":14,"column":51},"end":{"line":16,"column":7}},"line":14},"3":{"name":"(anonymous_3)","decl":{"start":{"line":21,"column":12},"end":{"line":21,"column":13}},"loc":{"start":{"line":21,"column":18},"end":{"line":25,"column":3}},"line":21},"4":{"name":"(anonymous_4)","decl":{"start":{"line":27,"column":18},"end":{"line":27,"column":19}},"loc":{"start":{"line":27,"column":42},"end":{"line":29,"column":3}},"line":27},"5":{"name":"(anonymous_5)","decl":{"start":{"line":28,"column":17},"end":{"line":28,"column":21}},"loc":{"start":{"line":28,"column":26},"end":{"line":28,"column":77}},"line":28},"6":{"name":"(anonymous_6)","decl":{"start":{"line":31,"column":21},"end":{"line":31,"column":22}},"loc":{"start":{"line":31,"column":45},"end":{"line":38,"column":3}},"line":31},"7":{"name":"(anonymous_7)","decl":{"start":{"line":34,"column":19},"end":{"line":34,"column":23}},"loc":{"start":{"line":34,"column":28},"end":{"line":34,"column":72}},"line":34}},"branchMap":{"0":{"loc":{"start":{"line":13,"column":4},"end":{"line":17,"column":null}},"type":"if","locations":[{"start":{"line":13,"column":4},"end":{"line":17,"column":null}},{"start":{},"end":{}}],"line":13},"1":{"loc":{"start":{"line":22,"column":4},"end":{"line":24,"column":null}},"type":"if","locations":[{"start":{"line":22,"column":4},"end":{"line":24,"column":null}},{"start":{},"end":{}}],"line":22},"2":{"loc":{"start":{"line":27,"column":27},"end":{"line":27,"column":37}},"type":"default-arg","locations":[{"start":{"line":27,"column":36},"end":{"line":27,"column":37}}],"line":27},"3":{"loc":{"start":{"line":28,"column":48},"end":{"line":28,"column":65}},"type":"binary-expr","locations":[{"start":{"line":28,"column":48},"end":{"line":28,"column":60}},{"start":{"line":28,"column":64},"end":{"line":28,"column":65}}],"line":28},"4":{"loc":{"start":{"line":31,"column":30},"end":{"line":31,"column":40}},"type":"default-arg","locations":[{"start":{"line":31,"column":39},"end":{"line":31,"column":40}}],"line":31},"5":{"loc":{"start":{"line":32,"column":4},"end":{"line":32,"column":null}},"type":"if","locations":[{"start":{"line":32,"column":4},"end":{"line":32,"column":null}},{"start":{},"end":{}}],"line":32},"6":{"loc":{"start":{"line":33,"column":4},"end":{"line":36,"column":null}},"type":"if","locations":[{"start":{"line":33,"column":4},"end":{"line":36,"column":null}},{"start":{},"end":{}}],"line":33},"7":{"loc":{"start":{"line":33,"column":9},"end":{"line":33,"column":31}},"type":"binary-expr","locations":[{"start":{"line":33,"column":9},"end":{"line":33,"column":26}},{"start":{"line":33,"column":30},"end":{"line":33,"column":31}}],"line":33}},"s":{"0":12,"1":12,"2":5,"3":5,"4":5,"5":12,"6":11,"7":6,"8":12,"9":1,"10":1,"11":12,"12":2,"13":0,"14":2,"15":1,"16":1,"17":1,"18":1,"19":12},"f":{"0":12,"1":5,"2":5,"3":11,"4":1,"5":1,"6":2,"7":1},"b":{"0":[5,0],"1":[6,5],"2":[1],"3":[1,0],"4":[2],"5":[0,2],"6":[1,1],"7":[2,0]},"meta":{"lastBranch":8,"lastFunction":8,"lastStatement":20,"seen":{"f:8:16:8:28":0,"s:9:35:9:78":0,"s:12:1:18:9":1,"f:12:12:12:13":1,"b:13:4:17:Infinity:undefined:undefined:undefined:undefined":0,"s:13:4:17:Infinity":2,"s:14:6:16:Infinity":3,"f:14:43:14:47":2,"s:15:8:15:Infinity":4,"s:21:1:25:Infinity":5,"f:21:12:21:13":3,"b:22:4:24:Infinity:undefined:undefined:undefined:undefined":1,"s:22:4:24:Infinity":6,"s:23:6:23:Infinity":7,"s:27:18:29:3":8,"f:27:18:27:19":4,"b:27:36:27:37":2,"s:28:4:28:Infinity":9,"f:28:17:28:21":5,"s:28:26:28:77":10,"b:28:48:28:60:28:64:28:65":3,"s:31:21:38:3":11,"f:31:21:31:22":6,"b:31:39:31:40":4,"b:32:4:32:Infinity:undefined:undefined:undefined:undefined":5,"s:32:4:32:Infinity":12,"s:32:20:32:Infinity":13,"b:33:4:36:Infinity:undefined:undefined:undefined:undefined":6,"s:33:4:36:Infinity":14,"b:33:9:33:26:33:30:33:31":7,"s:34:6:34:Infinity":15,"f:34:19:34:23":7,"s:34:28:34:72":16,"s:35:6:35:Infinity":17,"s:37:4:37:Infinity":18,"s:40:2:44:Infinity":19}}}
,"/home/juan/Projects/pokemon-felix/src/hooks/useLocalStorage.js": {"path":"/home/juan/Projects/pokemon-felix/src/hooks/useLocalStorage.js","statementMap":{"0":{"start":{"line":12,"column":27},"end":{"line":20,"column":4}},"1":{"start":{"line":13,"column":4},"end":{"line":19,"column":null}},"2":{"start":{"line":14,"column":21},"end":{"line":14,"column":46}},"3":{"start":{"line":15,"column":6},"end":{"line":15,"column":null}},"4":{"start":{"line":17,"column":6},"end":{"line":17,"column":null}},"5":{"start":{"line":18,"column":6},"end":{"line":18,"column":null}},"6":{"start":{"line":22,"column":1},"end":{"line":28,"column":null}},"7":{"start":{"line":23,"column":4},"end":{"line":27,"column":null}},"8":{"start":{"line":24,"column":6},"end":{"line":24,"column":null}},"9":{"start":{"line":26,"column":6},"end":{"line":26,"column":null}},"10":{"start":{"line":30,"column":2},"end":{"line":30,"column":null}}},"fnMap":{"0":{"name":"useLocalStorage","decl":{"start":{"line":11,"column":16},"end":{"line":11,"column":31}},"loc":{"start":{"line":11,"column":51},"end":{"line":31,"column":null}},"line":11},"1":{"name":"(anonymous_1)","decl":{"start":{"line":12,"column":37},"end":{"line":12,"column":38}},"loc":{"start":{"line":12,"column":43},"end":{"line":20,"column":3}},"line":12},"2":{"name":"(anonymous_2)","decl":{"start":{"line":22,"column":12},"end":{"line":22,"column":13}},"loc":{"start":{"line":22,"column":18},"end":{"line":28,"column":3}},"line":22}},"branchMap":{"0":{"loc":{"start":{"line":15,"column":13},"end":{"line":15,"column":55}},"type":"cond-expr","locations":[{"start":{"line":15,"column":22},"end":{"line":15,"column":40}},{"start":{"line":15,"column":43},"end":{"line":15,"column":55}}],"line":15}},"s":{"0":41,"1":19,"2":19,"3":19,"4":0,"5":0,"6":41,"7":33,"8":33,"9":0,"10":41},"f":{"0":41,"1":19,"2":33},"b":{"0":[6,13]},"meta":{"lastBranch":1,"lastFunction":3,"lastStatement":11,"seen":{"f:11:16:11:31":0,"s:12:27:20:4":0,"f:12:37:12:38":1,"s:13:4:19:Infinity":1,"s:14:21:14:46":2,"s:15:6:15:Infinity":3,"b:15:22:15:40:15:43:15:55":0,"s:17:6:17:Infinity":4,"s:18:6:18:Infinity":5,"s:22:1:28:Infinity":6,"f:22:12:22:13":2,"s:23:4:27:Infinity":7,"s:24:6:24:Infinity":8,"s:26:6:26:Infinity":9,"s:30:2:30:Infinity":10}}}
[...]
,"decl":{"start":{"line":12,"column":10},"end":{"line":12,"column":27}},"loc":{"start":{"line":12,"column":69},"end":{"line":55,"column":5}},"line":12}},"branchMap":{"0":{"loc":{"start":{"line":1,"column":41},"end":{"line":9,"column":6}},"type":"default-arg","locations":[{"start":{"line":9,"column":4},"end":{"line":9,"column":6}}],"line":1},"1":{"loc":{"start":{"line":5,"column":2},"end":{"line":5,"column":58}},"type":"default-arg","locations":[{"start":{"line":5,"column":11},"end":{"line":5,"column":58}}],"line":5},"2":{"loc":{"start":{"line":6,"column":2},"end":{"line":6,"column":30}},"type":"default-arg","locations":[{"start":{"line":6,"column":10},"end":{"line":6,"column":30}}],"line":6},"3":{"loc":{"start":{"line":7,"column":2},"end":{"line":7,"column":53}},"type":"default-arg","locations":[{"start":{"line":7,"column":12},"end":{"line":7,"column":53}}],"line":7},"4":{"loc":{"start":{"line":8,"column":2},"end":{"line":8,"column":25}},"type":"default-arg","locations":[{"start":{"line":8,"column":10},"end":{"line":8,"column":25}}],"line":8},"5":{"loc":{"start":{"line":12,"column":55},"end":{"line":12,"column":67}},"type":"default-arg","locations":[{"start":{"line":12,"column":65},"end":{"line":12,"column":67}}],"line":12},"6":{"loc":{"start":{"line":13,"column":6},"end":{"line":20,"column":null}},"type":"if","locations":[{"start":{"line":13,"column":6},"end":{"line":20,"column":null}},{"start":{},"end":{}}],"line":13},"7":{"loc":{"start":{"line":13,"column":10},"end":{"line":13,"column":51}},"type":"binary-expr","locations":[{"start":{"line":13,"column":10},"end":{"line":13,"column":17}},{"start":{"line":13,"column":21},"end":{"line":13,"column":51}}],"line":13},"8":{"loc":{"start":{"line":46,"column":15},"end":{"line":46,"column":74}},"type":"cond-expr","locations":[{"start":{"line":46,"column":45},"end":{"line":46,"column":64}},{"start":{"line":46,"column":67},"end":{"line":46,"column":74}}],"line":46}},"s":{"0":4,"1":3,"2":1,"3":2,"4":2,"5":2,"6":1,"7":3,"8":1,"9":1},"f":{"0":4,"1":3},"b":{"0":[4],"1":[4],"2":[4],"3":[4],"4":[4],"5":[3],"6":[1,2],"7":[3,2],"8":[1,0]},"meta":{"lastBranch":9,"lastFunction":2,"lastStatement":10,"seen":{"f:1:16:1:40":0,"b:9:4:9:6":0,"b:5:11:5:58":1,"b:6:10:6:30":2,"b:7:12:7:53":3,"b:8:10:8:25":4,"s:10:2:56:Infinity":0,"f:12:10:12:27":1,"b:12:65:12:67":5,"b:13:6:20:Infinity:undefined:undefined:undefined:undefined":6,"s:13:6:20:Infinity":1,"b:13:10:13:17:13:21:13:51":7,"s:14:8:19:Infinity":2,"s:22:23:26:7":3,"s:28:6:54:Infinity":4,"s:29:21:43:9":5,"s:45:24:45:60":6,"s:46:8:46:Infinity":7,"b:46:45:46:64:46:67:46:74":8,"s:48:8:48:Infinity":8,"s:49:8:53:Infinity":9}}}
,"/home/juan/Projects/pokemon-felix/src/modules/observability/index.js": {"path":"/home/juan/Projects/pokemon-felix/src/modules/observability/index.js","statementMap":{"0":{"start":{"line":1,"column":19},"end":{"line":1,"column":53}},"1":{"start":{"line":4,"column":2},"end":{"line":4,"column":null}},"2":{"start":{"line":8,"column":2},"end":{"line":13,"column":null}},"3":{"start":{"line":9,"column":25},"end":{"line":9,"column":87}},"4":{"start":{"line":10,"column":24},"end":{"line":10,"column":84}},"5":{"start":{"line":11,"column":24},"end":{"line":11,"column":84}},"6":{"start":{"line":12,"column":25},"end":{"line":12,"column":87}},"7":{"start":{"line":17,"column":2},"end":{"line":17,"column":null}},"8":{"start":{"line":17,"column":30},"end":{"line":17,"column":null}},"9":{"start":{"line":18,"column":2},"end":{"line":18,"column":null}},"10":{"start":{"line":18,"column":33},"end":{"line":18,"column":null}},"11":{"start":{"line":19,"column":2},"end":{"line":23,"column":null}},"12":{"start":{"line":20,"column":4},"end":{"line":20,"column":null}},"13":{"start":{"line":22,"column":4},"end":{"line":22,"column":null}},"14":{"start":{"line":27,"column":2},"end":{"line":27,"column":null}}},"fnMap":{"0":{"name":"isLogEnabled","decl":{"start":{"line":3,"column":9},"end":{"line":3,"column":21}},"loc":{"start":{"line":3,"column":46},"end":{"line":5,"column":null}},"line":3},"1":{"name":"createLogger","decl":{"start":{"line":7,"column":16},"end":{"line":7,"column":28}},"loc":{"start":{"line":7,"column":70},"end":{"line":14,"column":null}},"line":7},"2":{"name":"(anonymous_2)","decl":{"start":{"line":9,"column":11},"end":{"line":9,"column":12}},"loc":{"start":{"line":9,"column":25},"end":{"line":9,"column":87}},"line":9},"3":{"name":"(anonymous_3)","decl":{"start":{"line":10,"column":10},"end":{"line":10,"column":11}},"loc":{"start":{"line":10,"column":24},"end":{"line":10,"column":84}},"line":10},"4":{"name":"(anonymous_4)","decl":{"start":{"line":11,"column":10},"end":{"line":11,"column":11}},"loc":{"start":{"line":11,"column":24},"end":{"line":11,"column":84}},"line":11},"5":{"name":"(anonymous_5)","decl":{"start":{"line":12,"column":11},"end":{"line":12,"column":12}},"loc":{"start":{"line":12,"column":25},"end":{"line":12,"column":87}},"line":12},"6":{"name":"toError","decl":{"start":{"line":16,"column":16},"end":{"line":16,"column":23}},"loc":{"start":{"line":16,"column":31},"end":{"line":24,"column":null}},"line":16},"7":{"name":"errorMessage","decl":{"start":{"line":26,"column":16},"end":{"line":26,"column":28}},"loc":{"start":{"line":26,"column":36},"end":{"line":28,"column":null}},"line":26}},"branchMap":{"0":{"loc":{"start":{"line":7,"column":29},"end":{"line":7,"column":68}},"type":"default-arg","locations":[{"start":{"line":7,"column":66},"end":{"line":7,"column":68}}],"line":7},"1":{"loc":{"start":{"line":7,"column":31},"end":{"line":7,"column":45}},"type":"default-arg","locations":[{"start":{"line":7,"column":39},"end":{"line":7,"column":45}}],"line":7},"2":{"loc":{"start":{"line":7,"column":47},"end":{"line":7,"column":61}},"type":"default-arg","locations":[{"start":{"line":7,"column":54},"end":{"line":7,"column":61}}],"line":7},"3":{"loc":{"start":{"line":9,"column":25},"end":{"line":9,"column":87}},"type":"cond-expr","locations":[{"start":{"line":9,"column":56},"end":{"line":9,"column":75}},{"start":{"line":9,"column":78},"end":{"line":9,"column":87}}],"line":9},"4":{"loc":{"start":{"line":10,"column":24},"end":{"line":10,"column":84}},"type":"cond-expr","locations":[{"start":{"line":10,"column":54},"end":{"line":10,"column":72}},{"start":{"line":10,"column":75},"end":{"line":10,"column":84}}],"line":10},"5":{"loc":{"start":{"line":11,"column":24},"end":{"line":11,"column":84}},"type":"cond-expr","locations":[{"start":{"line":11,"column":54},"end":{"line":11,"column":72}},{"start":{"line":11,"column":75},"end":{"line":11,"column":84}}],"line":11},"6":{"loc":{"start":{"line":12,"column":25},"end":{"line":12,"column":87}},"type":"cond-expr","locations":[{"start":{"line":12,"column":56},"end":{"line":12,"column":75}},{"start":{"line":12,"column":78},"end":{"line":12,"column":87}}],"line":12},"7":{"loc":{"start":{"line":17,"column":2},"end":{"line":17,"column":null}},"type":"if","locations":[{"start":{"line":17,"column":2},"end":{"line":17,"column":null}},{"start":{},"end":{}}],"line":17},"8":{"loc":{"start":{"line":18,"column":2},"end":{"line":18,"column":null}},"type":"if","locations":[{"start":{"line":18,"column":2},"end":{"line":18,"column":null}},{"start":{},"end":{}}],"line":18}},"s":{"0":2,"1":4,"2":2,"3":1,"4":1,"5":1,"6":1,"7":3,"8":1,"9":2,"10":2,"11":1,"12":1,"13":0,"14":1},"f":{"0":4,"1":2,"2":1,"3":1,"4":1,"5":1,"6":3,"7":1},"b":{"0":[2],"1":[2],"2":[2],"3":[0,1],"4":[0,1],"5":[1,0],"6":[1,0],"7":[1,2],"8":[1,1]},"meta":{"lastBranch":9,"lastFunction":8,"lastStatement":15,"seen":{"s:1:19:1:53":0,"f:3:9:3:21":0,"s:4:2:4:Infinity":1,"f:7:16:7:28":1,"b:7:66:7:68":0,"b:7:39:7:45":1,"b:7:54:7:61":2,"s:8:2:13:Infinity":2,"f:9:11:9:12":2,"s:9:25:9:87":3,"b:9:56:9:75:9:78:9:87":3,"f:10:10:10:11":3,"s:10:24:10:84":4,"b:10:54:10:72:10:75:10:84":4,"f:11:10:11:11":4,"s:11:24:11:84":5,"b:11:54:11:72:11:75:11:84":5,"f:12:11:12:12":5,"s:12:25:12:87":6,"b:12:56:12:75:12:78:12:87":6,"f:16:16:16:23":6,"b:17:2:17:Infinity:undefined:undefined:undefined:undefined":7,"s:17:2:17:Infinity":7,"s:17:30:17:Infinity":8,"b:18:2:18:Infinity:undefined:undefined:undefined:undefined":8,"s:18:2:18:Infinity":9,"s:18:33:18:Infinity":10,"s:19:2:23:Infinity":11,"s:20:4:20:Infinity":12,"s:22:4:22:Infinity":13,"f:26:16:26:28":7,"s:27:2:27:Infinity":14}}}
,"/home/juan/Projects/pokemon-felix/src/modules/reactContext/index.js": {"path":"/home/juan/Projects/pokemon-felix/src/modules/reactContext/index.js","statementMap":{"0":{"start":{"line":4,"column":2},"end":{"line":10,"column":null}},"1":{"start":{"line":5,"column":19},"end":{"line":5,"column":39}},"2":{"start":{"line":6,"column":4},"end":{"line":8,"column":null}},"3":{"start":{"line":7,"column":6},"end":{"line":7,"column":null}},"4":{"start":{"line":9,"column":4},"end":{"line":9,"column":null}}},"fnMap":{"0":{"name":"createContextHook","decl":{"start":{"line":3,"column":16},"end":{"line":3,"column":33}},"loc":{"start":{"line":3,"column":49},"end":{"line":11,"column":null}},"line":3},"1":{"name":"useContextHook","decl":{"start":{"line":4,"column":18},"end":{"line":4,"column":32}},"loc":{"start":{"line":4,"column":35},"end":{"line":10,"column":3}},"line":4}},"branchMap":{"0":{"loc":{"start":{"line":6,"column":4},"end":{"line":8,"column":null}},"type":"if","locations":[{"start":{"line":6,"column":4},"end":{"line":8,"column":null}},{"start":{},"end":{}}],"line":6}},"s":{"0":17,"1":46,"2":46,"3":4,"4":42},"f":{"0":17,"1":46},"b":{"0":[4,42]},"meta":{"lastBranch":1,"lastFunction":2,"lastStatement":5,"seen":{"f:3:16:3:33":0,"s:4:2:10:Infinity":0,"f:4:18:4:32":1,"s:5:19:5:39":1,"b:6:4:8:Infinity:undefined:undefined:undefined:undefined":0,"s:6:4:8:Infinity":2,"s:7:6:7:Infinity":3,"s:9:4:9:Infinity":4}}}
,"/home/juan/Projects/pokemon-felix/src/modules/services/index.js": {"path":"/home/juan/Projects/pokemon-felix/src/modules/services/index.js","statementMap":{"0":{"start":{"line":5,"column":23},"end":{"line":5,"column":43}},"1":{"start":{"line":8,"column":15},"end":{"line":8,"column":51}},"2":{"start":{"line":8,"column":30},"end":{"line":8,"column":38}},"3":{"start":{"line":9,"column":2},"end":{"line":9,"column":null}},"4":{"start":{"line":13,"column":18},"end":{"line":13,"column":46}},"5":{"start":{"line":14,"column":2},"end":{"line":16,"column":null}},"6":{"start":{"line":15,"column":4},"end":{"line":15,"column":null}},"7":{"start":{"line":17,"column":2},"end":{"line":17,"column":null}},"8":{"start":{"line":21,"column":2},"end":{"line":23,"column":null}},"9":{"start":{"line":22,"column":4},"end":{"line":22,"column":null}},"10":{"start":{"line":25,"column":2},"end":{"line":39,"column":null}},"11":{"start":{"line":26,"column":20},"end":{"line":26,"column":40}},"12":{"start":{"line":27,"column":29},"end":{"line":27,"column":56}},"13":{"start":{"line":28,"column":23},"end":{"line":28,"column":46}},"14":{"start":{"line":30,"column":18},"end":{"line":30,"column":38}},"15":{"start":{"line":31,"column":6},"end":{"line":31,"column":null}},"16":{"start":{"line":31,"column":45},"end":{"line":31,"column":null}},"17":{"start":{"line":32,"column":6},"end":{"line":36,"column":null}},"18":{"start":{"line":33,"column":8},"end":{"line":33,"column":null}},"19":{"start":{"line":35,"column":8},"end":{"line":35,"column":null}},"20":{"start":{"line":38,"column":29},"end":{"line":38,"column":72}},"21":{"start":{"line":43,"column":2},"end":{"line":45,"column":null}},"22":{"start":{"line":44,"column":4},"end":{"line":44,"column":null}},"23":{"start":{"line":47,"column":2},"end":{"line":77,"column":null}},"24":{"start":{"line":49,"column":18},"end":{"line":49,"column":42}},"25":{"start":{"line":50,"column":6},"end":{"line":52,"column":null}},"26":{"start":{"line":51,"column":8},"end":{"line":51,"column":null}},"27":{"start":{"line":53,"column":6},"end":{"line":53,"column":null}},"28":{"start":{"line":56,"column":18},"end":{"line":56,"column":64}},"29":{"start":{"line":57,"column":6},"end":{"line":59,"column":null}},"30":{"start":{"line":58,"column":8},"end":{"line":58,"column":null}},"31":{"start":{"line":60,"column":6},"end":{"line":60,"column":null}},"32":{"start":{"line":63,"column":18},"end":{"line":71,"column":8}},"33":{"start":{"line":72,"column":6},"end":{"line":74,"column":null}},"34":{"start":{"line":73,"column":8},"end":{"line":73,"column":null}},"35":{"start":{"line":75,"column":6},"end":{"line":75,"column":null}},"36":{"start":{"line":81,"column":19},"end":{"line":85,"column":3}},"37":{"start":{"line":86,"column":2},"end":{"line":86,"column":null}},"38":{"start":{"line":87,"column":2},"end":{"line":87,"column":null}}},"fnMap":{"0":{"name":"ServicesProvider","decl":{"start":{"line":7,"column":16},"end":{"line":7,"column":32}},"loc":{"start":{"line":7,"column":57},"end":{"line":10,"column":null}},"line":7},"1":{"name":"(anonymous_1)","decl":{"start":{"line":8,"column":24},"end":{"line":8,"column":25}},"loc":{"start":{"line":8,"column":30},"end":{"line":8,"column":38}},"line":8},"2":{"name":"useServices","decl":{"start":{"line":12,"column":16},"end":{"line":12,"column":27}},"loc":{"start":{"line":12,"column":30},"end":{"line":18,"column":null}},"line":12},"3":{"name":"createStorage","decl":{"start":{"line":20,"column":16},"end":{"line":20,"column":29}},"loc":{"start":{"line":20,"column":75},"end":{"line":40,"column":null}},"line":20},"4":{"name":"(anonymous_4)","decl":{"start":{"line":26,"column":13},"end":{"line":26,"column":16}},"loc":{"start":{"line":26,"column":20},"end":{"line":26,"column":40}},"line":26},"5":{"name":"(anonymous_5)","decl":{"start":{"line":27,"column":13},"end":{"line":27,"column":14}},"loc":{"start":{"line":27,"column":29},"end":{"line":27,"column":56}},"line":27},"6":{"name":"(anonymous_6)","decl":{"start":{"line":28,"column":16},"end":{"line":28,"column":19}},"loc":{"start":{"line":28,"column":23},"end":{"line":28,"column":46}},"line":28},"7":{"name":"(anonymous_7)","decl":{"start":{"line":29,"column":13},"end":{"line":29,"column":16}},"loc":{"start":{"line":29,"column":20},"end":{"line":37,"column":5}},"line":29},"8":{"name":"(anonymous_8)","decl":{"start":{"line":38,"column":13},"end":{"line":38,"column":14}},"loc":{"start":{"line":38,"column":29},"end":{"line":38,"column":72}},"line":38},"9":{"name":"createHttpClient","decl":{"start":{"line":42,"column":16},"end":{"line":42,"column":32}},"loc":{"start":{"line":42,"column":71},"end":{"line":78,"column":null}},"line":42},"10":{"name":"(anonymous_10)","decl":{"start":{"line":48,"column":10},"end":{"line":48,"column":17}},"loc":{"start":{"line":48,"column":29},"end":{"line":54,"column":5}},"line":48},"11":{"name":"(anonymous_11)","decl":{"start":{"line":55,"column":10},"end":{"line":55,"column":17}},"loc":{"start":{"line":55,"column":29},"end":{"line":61,"column":5}},"line":55},"12":{"name":"(anonymous_12)","decl":{"start":{"line":62,"column":10},"end":{"line":62,"column":18}},"loc":{"start":{"line":62,"column":36},"end":{"line":76,"column":5}},"line":62},"13":{"name":"createDefaultServices","decl":{"start":{"line":80,"column":16},"end":{"line":80,"column":37}},"loc":{"start":{"line":80,"column":40},"end":{"line":88,"column":null}},"line":80}},"branchMap":{"0":{"loc":{"start":{"line":14,"column":2},"end":{"line":16,"column":null}},"type":"if","locations":[{"start":{"line":14,"column":2},"end":{"line":16,"column":null}},{"start":{},"end":{}}],"line":14},"1":{"loc":{"start":{"line":20,"column":30},"end":{"line":20,"column":73}},"type":"default-arg","locations":[{"start":{"line":20,"column":71},"end":{"line":20,"column":73}}],"line":20},"2":{"loc":{"start":{"line":20,"column":32},"end":{"line":20,"column":66}},"type":"default-arg","locations":[{"start":{"line":20,"column":42},"end":{"line":20,"column":66}}],"line":20},"3":{"loc":{"start":{"line":21,"column":2},"end":{"line":23,"column":null}},"type":"if","locations":[{"start":{"line":21,"column":2},"end":{"line":23,"column":null}},{"start":{},"end":{}}],"line":21},"4":{"loc":{"start":{"line":31,"column":6},"end":{"line":31,"column":null}},"type":"if","locations":[{"start":{"line":31,"column":6},"end":{"line":31,"column":null}},{"start":{},"end":{}}],"line":31},"5":{"loc":{"start":{"line":31,"column":10},"end":{"line":31,"column":43}},"type":"binary-expr","locations":[{"start":{"line":31,"column":10},"end":{"line":31,"column":22}},{"start":{"line":31,"column":26},"end":{"line":31,"column":43}}],"line":31},"6":{"loc":{"start":{"line":42,"column":33},"end":{"line":42,"column":69}},"type":"default-arg","locations":[{"start":{"line":42,"column":67},"end":{"line":42,"column":69}}],"line":42},"7":{"loc":{"start":{"line":42,"column":35},"end":{"line":42,"column":62}},"type":"default-arg","locations":[{"start":{"line":42,"column":45},"end":{"line":42,"column":62}}],"line":42},"8":{"loc":{"start":{"line":43,"column":2},"end":{"line":45,"column":null}},"type":"if","locations":[{"start":{"line":43,"column":2},"end":{"line":45,"column":null}},{"start":{},"end":{}}],"line":43},"9":{"loc":{"start":{"line":50,"column":6},"end":{"line":52,"column":null}},"type":"if","locations":[{"start":{"line":50,"column":6},"end":{"line":52,"column":null}},{"start":{},"end":{}}],"line":50},"10":{"loc":{"start":{"line":57,"column":6},"end":{"line":59,"column":null}},"type":"if","locations":[{"start":{"line":57,"column":6},"end":{"line":59,"column":null}},{"start":{},"end":{}}],"line":57},"11":{"loc":{"start":{"line":68,"column":14},"end":{"line":68,"column":33}},"type":"binary-expr","locations":[{"start":{"line":68,"column":14},"end":{"line":68,"column":27}},{"start":{"line":68,"column":31},"end":{"line":68,"column":33}}],"line":68},"12":{"loc":{"start":{"line":72,"column":6},"end":{"line":74,"column":null}},"type":"if","locations":[{"start":{"line":72,"column":6},"end":{"line":74,"column":null}},{"start":{},"end":{}}],"line":72}},"s":{"0":1,"1":1,"2":1,"3":1,"4":3,"5":3,"6":2,"7":1,"8":4,"9":1,"10":3,"11":0,"12":1,"13":0,"14":2,"15":2,"16":1,"17":1,"18":1,"19":1,"20":0,"21":2,"22":0,"23":2,"24":0,"25":0,"26":0,"27":0,"28":1,"29":1,"30":1,"31":0,"32":0,"33":0,"34":0,"35":0,"36":1,"37":1,"38":1},"f":{"0":1,"1":1,"2":3,"3":4,"4":0,"5":1,"6":0,"7":2,"8":0,"9":2,"10":0,"11":1,"12":0,"13":1},"b":{"0":[2,1],"1":[4],"2":[4],"3":[1,3],"4":[1,1],"5":[2,1],"6":[2],"7":[2],"8":[0,2],"9":[0,0],"10":[1,0],"11":[0,0],"12":[0,0]},"meta":{"lastBranch":13,"lastFunction":14,"lastStatement":39,"seen":{"s:5:23:5:43":0,"f:7:16:7:32":0,"s:8:15:8:51":1,"f:8:24:8:25":1,"s:8:30:8:38":2,"s:9:2:9:Infinity":3,"f:12:16:12:27":2,"s:13:18:13:46":4,"b:14:2:16:Infinity:undefined:undefined:undefined:undefined":0,"s:14:2:16:Infinity":5,"s:15:4:15:Infinity":6,"s:17:2:17:Infinity":7,"f:20:16:20:29":3,"b:20:71:20:73":1,"b:20:42:20:66":2,"b:21:2:23:Infinity:undefined:undefined:undefined:undefined":3,"s:21:2:23:Infinity":8,"s:22:4:22:Infinity":9,"s:25:2:39:Infinity":10,"f:26:13:26:16":4,"s:26:20:26:40":11,"f:27:13:27:14":5,"s:27:29:27:56":12,"f:28:16:28:19":6,"s:28:23:28:46":13,"f:29:13:29:16":7,"s:30:18:30:38":14,"b:31:6:31:Infinity:undefined:undefined:undefined:undefined":4,"s:31:6:31:Infinity":15,"b:31:10:31:22:31:26:31:43":5,"s:31:45:31:Infinity":16,"s:32:6:36:Infinity":17,"s:33:8:33:Infinity":18,"s:35:8:35:Infinity":19,"f:38:13:38:14":8,"s:38:29:38:72":20,"f:42:16:42:32":9,"b:42:67:42:69":6,"b:42:45:42:62":7,"b:43:2:45:Infinity:undefined:undefined:undefined:undefined":8,"s:43:2:45:Infinity":21,"s:44:4:44:Infinity":22,"s:47:2:77:Infinity":23,"f:48:10:48:17":10,"s:49:18:49:42":24,"b:50:6:52:Infinity:undefined:undefined:undefined:undefined":9,"s:50:6:52:Infinity":25,"s:51:8:51:Infinity":26,"s:53:6:53:Infinity":27,"f:55:10:55:17":11,"s:56:18:56:64":28,"b:57:6:59:Infinity:undefined:undefined:undefined:undefined":10,"s:57:6:59:Infinity":29,"s:58:8:58:Infinity":30,"s:60:6:60:Infinity":31,"f:62:10:62:18":12,"s:63:18:71:8":32,"b:68:14:68:27:68:31:68:33":11,"b:72:6:74:Infinity:undefined:undefined:undefined:undefined":12,"s:72:6:74:Infinity":33,"s:73:8:73:Infinity":34,"s:75:6:75:Infinity":35,"f:80:16:80:37":13,"s:81:19:85:3":36,"s:86:2:86:Infinity":37,"s:87:2:87:Infinity":38}}}
}
